problem 1 has not been solved
hbaoltxdgl MLE 3 0
hbaoltxdgl 0 0
jqvwzpumep 0 0
jqvwzpumep MLE 2 0
hbaoltxdgl 0 0
1 2 3
jqvwzpumep 0 0
hbaoltxdgl 0 0
jqvwzpumep WA 2 1
hbaoltxdgl 0 0
hbaoltxdgl RTE 3 1
problem 2 has not been solved
hbaoltxdgl 0 0
nwccamcyca RTE 2 0
hbaoltxdgl 0 0
hbaoltxdgl MLE 2 0
nzcretltat 0 0
nzcretltat WA 2 0
hbaoltxdgl 0 0
hbaoltxdgl 0 0
1 2 3
jqvwzpumep WA 2 2
jttipnxbdz 0 0
nzcretltat AC 2 1
hbaoltxdgl WA 2 1
nzcretltat RTE 1 0
hbaoltxdgl AC 1 0
3
hbaoltxdgl 1 56
hbaoltxdgl 56
hbaoltxdgl 1 56
nzcretltat 1 62
jttipnxbdz TLE 1 0
nzcretltat WA 1 1
jqvwzpumep 0 0
hbaoltxdgl AC 2 2
hbaoltxdgl 2 165
hbaoltxdgl WA 3 2
hbaoltxdgl 2 165
3
jttipnxbdz 0 0
hbaoltxdgl 2 165
nzcretltat WA 1 2
nwccamcyca TLE 1 0
hbaoltxdgl 2 165
nzcretltat 42
jqvwzpumep MLE 1 0
hbaoltxdgl 2 165
problem 3 has not been solved
problem already solved
problem already solved
3
hbaoltxdgl 2 165
nwccamcyca RTE 2 1
problem 3 has not been solved
jttipnxbdz 0 0
hbaoltxdgl 2 165
nzcretltat 42
nwccamcyca MLE 3 0
hbaoltxdgl 2 165
problem already solved
jttipnxbdz RTE 2 0
hbaoltxdgl 2 165
hbaoltxdgl 2 165
jqvwzpumep 0 0
hbaoltxdgl 2 165
jqvwzpumep MLE 3 0
jttipnxbdz AC 3 0
jttipnxbdz MLE 1 1
all problems have been solved
all problems have been solved
hbaoltxdgl 2 165
nzcretltat 1 62
hbaoltxdgl 2 165
problem already solved
nwccamcyca AC 1 1
nzcretltat 42
nwccamcyca 1 188
jttipnxbdz 1 150
jttipnxbdz 150
jttipnxbdz AC 1 2
nwccamcyca TLE 2 2
nzcretltat 42
all problems have been solved
nzcretltat 1 62
hbaoltxdgl 2 165
all problems have been solved
problem already solved
problem already solved
hbaoltxdgl 2 165
nzcretltat 42
problem already solved
jqvwzpumep 0 0
jqvwzpumep MLE 2 3
problem already solved
all problems have been solved
jqvwzpumep TLE 2 4
all problems have been solved
jttipnxbdz 2 367
