sxjnuatzdz 0 0
sxjnuatzdz 0 0
1 2 3 4 5 6 7 8 9 10
sxjnuatzdz 0 0
vnhdfkzguu AC 4 0
1 2 3 5 6 7 8 9 10
problem 2 has not been solved
sxjnuatzdz 0 0
sxjnuatzdz AC 8 0
1 2 3 5 6 7 9 10
sxjnuatzdz RTE 1 0
sxjnuatzdz MLE 10 0
1 2 3 5 6 7 9 10
1 2 3 5 6 7 9 10
vnhdfkzguu 1 1
vnhdfkzguu 1 1
xdlmntqgdo MLE 7 0
1 2 3 5 6 7 9 10
xdlmntqgdo WA 3 0
sxjnuatzdz 1 2
vnhdfkzguu WA 10 0
vnhdfkzguu 1 1
vnhdfkzguu 1 1
problem already solved
vnhdfkzguu 1 1
vnhdfkzguu 1 1
sxjnuatzdz 1 2
sxjnuatzdz MLE 10 1
1 2 3 5 6 7 9 10
1 2 3 5 6 7 9 10
vnhdfkzguu MLE 9 0
vnhdfkzguu 1
vnhdfkzguu 1 1
xdlmntqgdo WA 4 0
vnhdfkzguu 1
1 2 3 5 6 7 9 10
vnhdfkzguu TLE 1 0
vnhdfkzguu RTE 10 1
sxjnuatzdz TLE 3 0
1 2 3 5 6 7 9 10
sxjnuatzdz MLE 4 0
problem 2 has not been solved
xdlmntqgdo RTE 4 1
1 2 3 5 6 7 9 10
sxjnuatzdz RTE 1 1
vnhdfkzguu 1 1
sxjnuatzdz 1 2
xdlmntqgdo 0 0
sxjnuatzdz 1 2
xdlmntqgdo 0 0
vnhdfkzguu MLE 7 0
1 2 3 5 6 7 9 10
vnhdfkzguu AC 3 0
sxjnuatzdz AC 3 1
problem 9 has not been solved
sxjnuatzdz RTE 1 2
vnhdfkzguu 2 108
xdlmntqgdo TLE 5 0
sxjnuatzdz MLE 5 0
1 2 5 6 7 9 10
vnhdfkzguu 2 108
vnhdfkzguu 2 108
1 2 5 6 7 9 10
vnhdfkzguu 2 108
xdlmntqgdo AC 10 0
vnhdfkzguu 2 108
1 2 5 6 7 9
1 2 5 6 7 9
sxjnuatzdz WA 6 0
sxjnuatzdz RTE 4 1
problem 1 has not been solved
xdlmntqgdo 1 134
vnhdfkzguu 2 108
xdlmntqgdo AC 7 1
xdlmntqgdo MLE 4 2
xdlmntqgdo MLE 3 1
sxjnuatzdz TLE 6 1
vnhdfkzguu 2 108
vnhdfkzguu RTE 1 1
xdlmntqgdo AC 2 0
xdlmntqgdo 3 493
xdlmntqgdo RTE 9 0
sxjnuatzdz TLE 4 2
xdlmntqgdo 3 493
vnhdfkzguu 2 108
sxjnuatzdz 2 135
1 5 6 9
1 5 6 9
xdlmntqgdo 3 493
1 5 6 9
vnhdfkzguu TLE 8 0
sxjnuatzdz RTE 4 3
vnhdfkzguu 107
1 5 6 9
sxjnuatzdz 2 135
sxjnuatzdz 2 135
sxjnuatzdz 2 135
1 5 6 9
1 5 6 9
1 5 6 9
1 5 6 9
vnhdfkzguu RTE 6 0
problem already solved
1 5 6 9
problem already solved
problem already solved
xdlmntqgdo 3 493
problem already solved
problem already solved
1 5 6 9
xdlmntqgdo 134
sxjnuatzdz TLE 1 3
xdlmntqgdo 3 493
vnhdfkzguu 2 108
vnhdfkzguu RTE 2 0
vnhdfkzguu 2 108
vnhdfkzguu TLE 7 1
1 5 6 9
1 5 6 9
sxjnuatzdz MLE 10 2
1 5 6 9
sxjnuatzdz 2 135
sxjnuatzdz MLE 9 0
sxjnuatzdz 2 135
xdlmntqgdo 3 493
problem already solved
1 5 6 9
sxjnuatzdz AC 9 1
problem already solved
xdlmntqgdo RTE 4 3
xdlmntqgdo 3 493
xdlmntqgdo 3 493
vnhdfkzguu RTE 9 1
sxjnuatzdz 3 420
vnhdfkzguu 2 108
sxjnuatzdz 265
sxjnuatzdz 3 420
xdlmntqgdo 3 493
sxjnuatzdz AC 7 0
sxjnuatzdz RTE 6 2
xdlmntqgdo 3 493
problem already solved
xdlmntqgdo WA 4 4
problem already solved
xdlmntqgdo AC 4 5
problem 1 has not been solved
sxjnuatzdz MLE 4 4
sxjnuatzdz 4 704
vnhdfkzguu RTE 7 2
xdlmntqgdo 4 900
sxjnuatzdz TLE 2 0
problem already solved
xdlmntqgdo RTE 9 1
sxjnuatzdz 4 704
problem already solved
xdlmntqgdo 4 900
1 5 6
sxjnuatzdz 4 704
xdlmntqgdo RTE 1 0
vnhdfkzguu RTE 5 0
problem already solved
sxjnuatzdz 4 704
vnhdfkzguu WA 7 3
xdlmntqgdo TLE 1 1
sxjnuatzdz 4 704
vnhdfkzguu TLE 10 2
1 5 6
problem already solved
vnhdfkzguu 2 108
xdlmntqgdo AC 9 2
sxjnuatzdz 265
xdlmntqgdo AC 6 0
problem 1 has not been solved
xdlmntqgdo 6 1752
xdlmntqgdo 6 1752
xdlmntqgdo 6 1752
xdlmntqgdo 6 1752
vnhdfkzguu 2 108
xdlmntqgdo MLE 5 1
problem already solved
xdlmntqgdo 6 1752
xdlmntqgdo 6 1752
1 5
xdlmntqgdo 6 1752
xdlmntqgdo AC 1 2
xdlmntqgdo 7 2225
vnhdfkzguu 2 108
sxjnuatzdz 265
5
vnhdfkzguu 107
5
vnhdfkzguu AC 2 1
sxjnuatzdz 4 704
sxjnuatzdz 4 704
problem already solved
problem already solved
vnhdfkzguu RTE 6 1
5
xdlmntqgdo 7 2225
xdlmntqgdo 7 2225
