1 2 3 4 5 6 7 8 9 10
afdqtypjme 0 0
zqjqbudpqj 0 0
1 2 3 4 5 6 7 8 9 10
mhumrhtxud TLE 10 0
buepowcoem 0 0
problem 9 has not been solved
1 2 3 4 5 6 7 8 9 10
sfekwhbysm 0 0
ijlpbgtdnv MLE 4 0
errreskijc WA 4 0
mhumrhtxud 0 0
yaydibcurr 0 0
stqzfwnbjf 0 0
errreskijc MLE 9 0
afdqtypjme 0 0
ijlpbgtdnv AC 1 0
ijlpbgtdnv 1 27
mhumrhtxud WA 9 0
ijlpbgtdnv 1 27
stqzfwnbjf 0 0
2 3 4 5 6 7 8 9 10
yaydibcurr WA 10 0
ijlpbgtdnv 1 27
2 3 4 5 6 7 8 9 10
problem 8 has not been solved
errreskijc 0 0
buepowcoem 0 0
ijlpbgtdnv TLE 7 0
sfekwhbysm RTE 9 0
problem 10 has not been solved
buepowcoem TLE 10 0
zqjqbudpqj RTE 3 0
ijlpbgtdnv 1 27
errreskijc RTE 6 0
errreskijc WA 3 0
buepowcoem RTE 2 0
ijlpbgtdnv AC 4 1
problem 10 has not been solved
ijlpbgtdnv 2 120
errreskijc TLE 3 1
2 3 5 6 7 8 9 10
zqjqbudpqj 0 0
ijlpbgtdnv 2 120
afdqtypjme AC 10 0
ijlpbgtdnv MLE 3 0
2 3 5 6 7 8 9
ijlpbgtdnv 2 120
zqjqbudpqj WA 4 0
2 3 5 6 7 8 9
stqzfwnbjf 0 0
2 3 5 6 7 8 9
ijlpbgtdnv 2 120
problem 6 has not been solved
ijlpbgtdnv MLE 9 0
zqjqbudpqj RTE 5 0
stqzfwnbjf TLE 8 0
sfekwhbysm 0 0
ijlpbgtdnv AC 2 0
3 5 6 7 8 9
yaydibcurr RTE 8 0
ijlpbgtdnv TLE 6 0
ijlpbgtdnv 3 220
ijlpbgtdnv RTE 3 1
ijlpbgtdnv 27
3 5 6 7 8 9
sfekwhbysm WA 1 0
sfekwhbysm 0 0
afdqtypjme RTE 1 0
afdqtypjme 1 86
ijlpbgtdnv 3 220
problem already solved
stqzfwnbjf TLE 9 0
problem already solved
3 5 6 7 8 9
problem already solved
sfekwhbysm AC 8 0
errreskijc 0 0
ijlpbgtdnv 3 220
3 5 6 7 9
3 5 6 7 9
stqzfwnbjf AC 9 1
ijlpbgtdnv 3 220
stqzfwnbjf TLE 10 0
3 5 6 7
afdqtypjme 1 86
ijlpbgtdnv 3 220
3 5 6 7
yaydibcurr 0 0
sfekwhbysm WA 4 0
mhumrhtxud TLE 5 0
ijlpbgtdnv 73
ijlpbgtdnv 100
utfgkvaybp 0 0
errreskijc TLE 9 1
utfgkvaybp 0 0
errreskijc AC 8 0
buepowcoem AC 6 0
zqjqbudpqj 0 0
buepowcoem 1 193
ijlpbgtdnv 73
3 5 7
ijlpbgtdnv 100
afdqtypjme 86
ijlpbgtdnv RTE 7 1
ijlpbgtdnv 3 220
errreskijc MLE 3 2
ijlpbgtdnv TLE 10 0
errreskijc 1 190
3 5 7
zqjqbudpqj MLE 5 1
mhumrhtxud TLE 3 0
errreskijc 1 190
buepowcoem 193
ijlpbgtdnv 3 220
ijlpbgtdnv MLE 10 1
mhumrhtxud AC 2 0
afdqtypjme 86
ijlpbgtdnv 100
3 5 7
mhumrhtxud RTE 10 1
buepowcoem RTE 9 0
utfgkvaybp 0 0
yaydibcurr WA 8 1
mhumrhtxud TLE 9 1
stqzfwnbjf TLE 2 0
ijlpbgtdnv 3 220
errreskijc RTE 1 0
buepowcoem 1 193
buepowcoem AC 2 1
errreskijc 1 190
ijlpbgtdnv 3 220
afdqtypjme 1 86
utfgkvaybp 0 0
afdqtypjme 1 86
utfgkvaybp RTE 5 0
mhumrhtxud AC 6 0
errreskijc AC 2 0
errreskijc 2 485
3 5 7
zqjqbudpqj TLE 2 0
ijlpbgtdnv 3 220
mhumrhtxud AC 3 1
utfgkvaybp AC 1 0
buepowcoem 2 485
yaydibcurr RTE 9 0
yaydibcurr WA 2 0
problem already solved
ijlpbgtdnv 3 220
problem 7 has not been solved
afdqtypjme TLE 4 0
errreskijc 2 485
yaydibcurr AC 9 1
afdqtypjme 1 86
ijlpbgtdnv 27
5 7
utfgkvaybp TLE 8 0
errreskijc MLE 7 0
ijlpbgtdnv 3 220
ijlpbgtdnv RTE 5 0
ijlpbgtdnv 3 220
afdqtypjme RTE 4 1
stqzfwnbjf AC 2 1
5 7
afdqtypjme 86
mhumrhtxud 3 848
sfekwhbysm AC 9 1
mhumrhtxud TLE 1 0
5 7
ijlpbgtdnv WA 6 1
ijlpbgtdnv 3 220
stqzfwnbjf 155
utfgkvaybp AC 5 1
yaydibcurr AC 3 0
sfekwhbysm WA 1 1
problem already solved
ijlpbgtdnv 3 220
zqjqbudpqj MLE 1 0
ijlpbgtdnv 3 220
7
7
ijlpbgtdnv 3 220
afdqtypjme TLE 1 1
buepowcoem 2 485
sfekwhbysm 154
ijlpbgtdnv 3 220
7
sfekwhbysm MLE 2 0
problem already solved
ijlpbgtdnv 3 220
afdqtypjme 86
7
sfekwhbysm TLE 7 0
afdqtypjme 1 86
ijlpbgtdnv 3 220
errreskijc AC 6 1
ijlpbgtdnv 3 220
utfgkvaybp MLE 2 0
problem already solved
yaydibcurr 2 777
