djpxegjzsu 0 0
djpxegjzsu MLE 5 0
djpxegjzsu WA 5 1
djpxegjzsu TLE 6 0
yfzrvsdopp 0 0
djpxegjzsu RTE 5 2
1 2 3 4 5 6 7 8 9 10 11 12
djpxegjzsu 0 0
zueemhwqso AC 11 0
fiemadljct TLE 2 0
lfmrabkcxa 0 0
djpxegjzsu RTE 1 0
fiemadljct 0 0
djpxegjzsu 0 0
yfzrvsdopp WA 5 0
problem already solved
djpxegjzsu TLE 9 0
lfmrabkcxa 0 0
zueemhwqso 1 26
zueemhwqso 1 26
fiemadljct 0 0
fiemadljct RTE 11 0
yfzrvsdopp 0 0
1 2 3 4 5 6 7 8 9 10 12
1 2 3 4 5 6 7 8 9 10 12
djpxegjzsu 0 0
yfzrvsdopp 0 0
1 2 3 4 5 6 7 8 9 10 12
lfmrabkcxa RTE 4 0
djpxegjzsu MLE 2 0
problem 6 has not been solved
problem 4 has not been solved
zueemhwqso 1 26
zueemhwqso WA 2 0
problem 8 has not been solved
zueemhwqso 1 26
djpxegjzsu 0 0
djpxegjzsu AC 5 3
zueemhwqso AC 5 0
problem 10 has not been solved
fiemadljct MLE 8 0
lfmrabkcxa AC 9 0
lfmrabkcxa AC 7 0
1 2 3 4 6 8 10 12
fiemadljct MLE 11 1
zueemhwqso 26
zueemhwqso 2 113
yfzrvsdopp MLE 4 0
zueemhwqso 2 113
problem already solved
fiemadljct 0 0
fiemadljct RTE 2 1
zueemhwqso 2 113
1 2 3 4 6 8 10 12
fiemadljct AC 3 0
zueemhwqso 2 113
fiemadljct 1 118
fiemadljct 1 118
lfmrabkcxa 2 197
djpxegjzsu 1 139
djpxegjzsu 1 139
yfzrvsdopp WA 4 1
zueemhwqso 2 113
yfzrvsdopp 0 0
zueemhwqso 2 113
zueemhwqso AC 1 0
zueemhwqso 3 251
yfzrvsdopp MLE 7 0
lfmrabkcxa 2 197
zueemhwqso MLE 7 0
lfmrabkcxa WA 6 0
2 4 6 8 10 12
fiemadljct MLE 10 0
zueemhwqso 3 251
zueemhwqso MLE 10 0
djpxegjzsu RTE 4 0
lfmrabkcxa RTE 6 1
problem 10 has not been solved
zueemhwqso 26
yfzrvsdopp AC 9 0
lfmrabkcxa 2 197
problem 2 has not been solved
yfzrvsdopp WA 2 0
zueemhwqso 3 251
yfzrvsdopp RTE 7 1
2 4 6 8 10 12
yfzrvsdopp TLE 6 0
yfzrvsdopp RTE 8 0
djpxegjzsu MLE 12 0
zueemhwqso 3 251
problem already solved
zueemhwqso 3 251
djpxegjzsu TLE 9 1
zueemhwqso MLE 10 1
yfzrvsdopp WA 11 0
fiemadljct MLE 7 0
djpxegjzsu TLE 10 0
lfmrabkcxa 98
zueemhwqso 3 251
yfzrvsdopp WA 8 1
zueemhwqso RTE 10 2
2 4 6 8 10 12
2 4 6 8 10 12
zueemhwqso 3 251
zueemhwqso 3 251
zueemhwqso 3 251
2 4 6 8 10 12
problem 6 has not been solved
fiemadljct 118
lfmrabkcxa 2 197
fiemadljct AC 7 1
yfzrvsdopp AC 11 1
problem 4 has not been solved
fiemadljct WA 1 0
djpxegjzsu WA 6 1
lfmrabkcxa MLE 3 0
fiemadljct AC 11 2
problem already solved
fiemadljct WA 2 2
problem 2 has not been solved
zueemhwqso 3 251
zueemhwqso 3 251
lfmrabkcxa 98
problem 12 has not been solved
djpxegjzsu 1 139
zueemhwqso 26
zueemhwqso RTE 12 0
fiemadljct WA 12 0
zueemhwqso 3 251
zueemhwqso 3 251
2 4 6 8 10 12
zueemhwqso 3 251
zueemhwqso 3 251
zueemhwqso AC 4 0
problem 2 has not been solved
fiemadljct 3 698
2 6 8 10 12
fiemadljct 3 698
yfzrvsdopp WA 8 2
fiemadljct AC 9 0
zueemhwqso AC 8 0
zueemhwqso 26
zueemhwqso WA 7 1
zueemhwqso 5 856
2 6 10 12
djpxegjzsu 1 139
zueemhwqso 5 856
zueemhwqso 5 856
zueemhwqso 138
lfmrabkcxa 2 197
yfzrvsdopp TLE 3 0
lfmrabkcxa AC 6 2
yfzrvsdopp RTE 2 1
yfzrvsdopp MLE 5 1
2 10 12
djpxegjzsu 1 139
yfzrvsdopp 2 448
problem 12 has not been solved
zueemhwqso 5 856
yfzrvsdopp RTE 7 2
zueemhwqso 5 856
problem already solved
2 10 12
2 10 12
djpxegjzsu AC 12 1
fiemadljct RTE 10 1
zueemhwqso 5 856
zueemhwqso 5 856
djpxegjzsu MLE 8 0
lfmrabkcxa 333
2 10
djpxegjzsu 2 517
fiemadljct 4 1005
zueemhwqso 5 856
2 10
zueemhwqso 5 856
lfmrabkcxa MLE 3 1
zueemhwqso 5 856
fiemadljct 118
zueemhwqso WA 6 0
2 10
zueemhwqso 5 856
fiemadljct 4 1005
2 10
lfmrabkcxa 3 570
fiemadljct RTE 2 3
djpxegjzsu AC 8 1
problem 2 has not been solved
fiemadljct WA 12 1
lfmrabkcxa TLE 12 0
problem 2 has not been solved
lfmrabkcxa AC 4 1
djpxegjzsu TLE 2 1
2 10
zueemhwqso 5 856
djpxegjzsu 3 924
problem already solved
zueemhwqso 5 856
fiemadljct TLE 8 1
zueemhwqso 5 856
zueemhwqso 5 856
2 10
zueemhwqso 5 856
zueemhwqso 5 856
djpxegjzsu 3 924
problem already solved
problem already solved
fiemadljct 118
djpxegjzsu 3 924
zueemhwqso 5 856
2 10
zueemhwqso 5 856
2 10
zueemhwqso AC 3 0
fiemadljct MLE 6 0
djpxegjzsu TLE 4 1
yfzrvsdopp 2 448
zueemhwqso 6 1294
lfmrabkcxa TLE 3 2
djpxegjzsu MLE 10 1
djpxegjzsu 3 924
fiemadljct AC 6 1
zueemhwqso 6 1294
zueemhwqso 295
zueemhwqso 6 1294
problem already solved
fiemadljct 5 1491
zueemhwqso 6 1294
zueemhwqso 6 1294
zueemhwqso 6 1294
djpxegjzsu AC 7 0
fiemadljct 5 1491
problem already solved
problem already solved
zueemhwqso 6 1294
yfzrvsdopp 2 448
djpxegjzsu MLE 4 2
djpxegjzsu TLE 2 2
yfzrvsdopp AC 4 2
djpxegjzsu TLE 9 2
problem already solved
lfmrabkcxa AC 10 0
zueemhwqso 6 1294
2
lfmrabkcxa 5 1522
yfzrvsdopp WA 3 1
djpxegjzsu 358
zueemhwqso 6 1294
problem already solved
zueemhwqso 6 1294
yfzrvsdopp 3 1004
djpxegjzsu 4 1406
problem already solved
problem 2 has not been solved
problem already solved
2
2
problem 2 has not been solved
2
djpxegjzsu 4 1406
yfzrvsdopp MLE 7 3
2
fiemadljct 5 1491
djpxegjzsu WA 4 3
yfzrvsdopp RTE 2 2
yfzrvsdopp TLE 8 3
zueemhwqso 6 1294
problem already solved
zueemhwqso 6 1294
yfzrvsdopp RTE 1 0
yfzrvsdopp 3 1004
2
zueemhwqso AC 12 1
djpxegjzsu RTE 4 4
2
fiemadljct 118
2
djpxegjzsu AC 3 0
2
problem already solved
2
zueemhwqso 7 1908
problem already solved
djpxegjzsu RTE 10 2
zueemhwqso 7 1908
lfmrabkcxa 99
fiemadljct WA 10 2
problem already solved
lfmrabkcxa 5 1522
zueemhwqso WA 9 0
djpxegjzsu 5 2015
lfmrabkcxa WA 8 0
problem already solved
zueemhwqso TLE 7 2
zueemhwqso 7 1908
lfmrabkcxa MLE 12 1
problem already solved
yfzrvsdopp RTE 7 4
2
zueemhwqso 7 1908
zueemhwqso 7 1908
problem already solved
2
fiemadljct 5 1491
yfzrvsdopp TLE 3 2
yfzrvsdopp TLE 12 0
zueemhwqso 7 1908
lfmrabkcxa WA 1 0
zueemhwqso 7 1908
zueemhwqso 7 1908
yfzrvsdopp RTE 7 5
lfmrabkcxa TLE 11 0
fiemadljct WA 12 2
lfmrabkcxa 5 1522
yfzrvsdopp 3 1004
problem already solved
2
fiemadljct 5 1491
problem already solved
zueemhwqso 7 1908
problem already solved
zueemhwqso 7 1908
zueemhwqso 7 1908
yfzrvsdopp MLE 6 1
problem already solved
problem already solved
yfzrvsdopp 3 1004
lfmrabkcxa RTE 11 1
yfzrvsdopp WA 2 3
zueemhwqso 7 1908
fiemadljct 118
2
fiemadljct AC 4 0
fiemadljct 6 2264
lfmrabkcxa 98
zueemhwqso 138
lfmrabkcxa 535
problem already solved
problem already solved
2
lfmrabkcxa 5 1522
2
zueemhwqso 7 1908
yfzrvsdopp MLE 8 4
lfmrabkcxa 5 1522
zueemhwqso 7 1908
zueemhwqso 310
problem already solved
2
fiemadljct AC 12 3
problem already solved
2
fiemadljct 7 3113
zueemhwqso 7 1908
problem already solved
problem already solved
2
zueemhwqso 7 1908
yfzrvsdopp TLE 10 0
2
djpxegjzsu AC 4 5
djpxegjzsu RTE 10 3
lfmrabkcxa 5 1522
lfmrabkcxa WA 3 3
problem already solved
yfzrvsdopp MLE 1 1
djpxegjzsu TLE 10 4
yfzrvsdopp RTE 8 5
zueemhwqso 7 1908
djpxegjzsu 6 2927
fiemadljct AC 5 0
problem already solved
problem already solved
zueemhwqso 295
lfmrabkcxa WA 8 1
fiemadljct 8 3962
fiemadljct 8 3962
2
2
2
2
problem already solved
djpxegjzsu 358
lfmrabkcxa TLE 11 2
fiemadljct WA 8 2
problem already solved
zueemhwqso 7 1908
2
djpxegjzsu WA 6 2
2
problem already solved
2
fiemadljct 118
yfzrvsdopp 3 1004
fiemadljct 8 3962
lfmrabkcxa 98
lfmrabkcxa 333
djpxegjzsu TLE 2 3
problem already solved
problem already solved
djpxegjzsu TLE 11 0
fiemadljct 8 3962
djpxegjzsu WA 11 1
fiemadljct 8 3962
zueemhwqso AC 10 3
zueemhwqso 8 2897
fiemadljct TLE 2 4
zueemhwqso 8 2897
problem already solved
zueemhwqso 8 2897
lfmrabkcxa 535
zueemhwqso 8 2897
zueemhwqso 8 2897
djpxegjzsu RTE 6 3
yfzrvsdopp 3 1004
zueemhwqso 8 2897
2
zueemhwqso 8 2897
djpxegjzsu RTE 2 4
problem already solved
lfmrabkcxa 5 1522
problem already solved
djpxegjzsu AC 10 5
djpxegjzsu 7 3984
zueemhwqso 8 2897
yfzrvsdopp AC 5 2
2
problem already solved
zueemhwqso WA 6 1
yfzrvsdopp AC 2 4
problem already solved
problem already solved
zueemhwqso 8 2897
zueemhwqso 8 2897
zueemhwqso 8 2897
djpxegjzsu TLE 2 5
zueemhwqso 8 2897
zueemhwqso 295
zueemhwqso 8 2897
zueemhwqso 8 2897
problem already solved
lfmrabkcxa 5 1522
yfzrvsdopp MLE 6 2
fiemadljct TLE 10 3
djpxegjzsu 79
problem already solved
zueemhwqso 8 2897
problem already solved
yfzrvsdopp WA 1 2
yfzrvsdopp RTE 8 6
lfmrabkcxa MLE 3 4
zueemhwqso 8 2897
zueemhwqso 8 2897
problem already solved
djpxegjzsu AC 6 4
lfmrabkcxa RTE 3 5
lfmrabkcxa 5 1522
djpxegjzsu 358
yfzrvsdopp MLE 3 3
zueemhwqso 8 2897
all problems have been solved
zueemhwqso MLE 6 2
yfzrvsdopp 5 3066
all problems have been solved
lfmrabkcxa RTE 11 3
problem already solved
zueemhwqso 8 2897
problem already solved
problem already solved
problem already solved
yfzrvsdopp 977
zueemhwqso 138
yfzrvsdopp 5 3066
yfzrvsdopp MLE 8 7
djpxegjzsu 358
djpxegjzsu 8 5102
zueemhwqso 8 2897
djpxegjzsu 358
all problems have been solved
fiemadljct MLE 2 5
zueemhwqso 8 2897
zueemhwqso TLE 6 3
lfmrabkcxa WA 2 0
zueemhwqso 8 2897
problem already solved
all problems have been solved
zueemhwqso 8 2897
djpxegjzsu AC 2 6
djpxegjzsu 79
problem already solved
lfmrabkcxa 5 1522
djpxegjzsu 9 6334
problem already solved
all problems have been solved
djpxegjzsu 9 6334
problem already solved
lfmrabkcxa 5 1522
problem already solved
problem already solved
zueemhwqso 8 2897
