Tan is not registered into ES1103
William is not registered into CS1101S
William is not registered into ES1103
Tan is not registered into CS1101S
Ivan successfully registered into CS1101S
William has no modules
John successfully registered into CS1010
Ivan successfully registered into IS1103
12 CS1101S IS1103
Ivan is not registered into ES1103
IS1103 is full
Ivan has been removed from CS1101S
William successfully registered into CS1010R
6 CS1010R
Tan successfully registered into CS1010R
6 CS1010R
William has been removed from CS1010R
Kevin has no modules
William is not registered into CS1101S
Tan is already registered into CS1010R
Kevin successfully registered into CS1010
William has no modules
John successfully registered into CS1010R
10 IS1103
6 CS1010R
Tan successfully registered into ES1103
4 CS1010
CS1010 is full
10 IS1103
Tan is already registered into ES1103
4 CS1010
William has no modules
William has no modules
John has been removed from CS1010R
John is not registered into IS1103
IS1103 is full
John successfully registered into CS1010R
IS1103 is full
John is already registered into CS1010
4 CS1010
Tan is already registered into CS1010R
CS1010 is full
Ivan is already registered into IS1103
12 CS1010R ES1103
Kevin is not registered into CS1010R
IS1103 is full
Tan has been removed from CS1010R
Tan is not registered into CS1010R
6 ES1103
William is not registered into CS1101S
John has been removed from CS1010R
Kevin is not registered into IS1103
4 CS1010
Kevin is not registered into CS1101S
Ivan is already registered into IS1103
IS1103 is full
CS1010 is full
Tan is not registered into CS1010
IS1103 is full
Kevin is already registered into CS1010
