William successfully registered into GER1000
Ivan is not registered into CS1010
William successfully registered into IS1103
Tan is not registered into CS1101S
William is already registered into IS1103
William has been removed from IS1103
Ivan successfully registered into GER1000
Kevin is not registered into MA1521
Ivan is not registered into CS1010
John successfully registered into CS1010
Kevin successfully registered into MA1521
Kevin is not registered into CS1101S
John is not registered into IS1103
John successfully registered into GER1000
Ivan is not registered into CS1010
Kevin successfully registered into CS1101S
Ivan is not registered into MA1521
Ivan successfully registered into CS1101S
Ivan is not registered into CS1010
William successfully registered into CS1010
William successfully registered into IS1103
William successfully registered into MA1521
Kevin is already registered into MA1521
CS1010 is full
William is already registered into GER1000
Kevin is not registered into IS1103
CS1010 is full
Tan is not registered into CS1101S
Kevin successfully registered into IS1103
Ivan is not registered into IS1103
Kevin is already registered into IS1103
Kevin has been removed from CS1101S
Tan is not registered into CS1101S
John is already registered into CS1010
Ivan has been removed from GER1000
Kevin is not registered into GER1000
Ivan is not registered into CS1010
Ivan is not registered into GER1000
John has been removed from GER1000
MA1521 is full
