Ivan successfully registered into GER1000
Kevin is not registered into CS3233
Tan has no modules
Ivan successfully registered into IS1103
John has no modules
Tan is not registered into IS1103
IS1103 is full
John is not registered into ES1103
Tan successfully registered into CS1231
Kevin is not registered into GER1000
Tan is already registered into CS1231
Tan successfully registered into GER1000
John is not registered into CS3233
2
IS1103 is full
John successfully registered into ES1103
Tan is not registered into IS1103
Tan is not registered into CS3233
11 CS1231 GER1000
Ivan is already registered into IS1103
11 CS1231 GER1000
William is not registered into IS1103
Ivan is already registered into GER1000
William successfully registered into ES1103
William is already registered into ES1103
William is already registered into ES1103
John has been removed from ES1103
18 GER1000 IS1103
1 ES1103
Kevin is not registered into CS1231
IS1103 is full
1 ES1103
Ivan is not registered into ES1103
Kevin is not registered into IS1103
Kevin is not registered into IS1103
3
IS1103 is full
Tan is already registered into CS1231
Tan has been removed from CS1231
IS1103 is full
Ivan successfully registered into CS3233
26 CS3233 GER1000 IS1103
3
3
3
1 ES1103
3
Ivan is already registered into CS3233
9 GER1000
3
3
9 GER1000
Ivan successfully registered into CS1231
Tan is already registered into GER1000
Tan successfully registered into CS1231
3
3
William is not registered into CS1231
3
Ivan has been removed from GER1000
IS1103 is full
3
John successfully registered into GER1000
9 GER1000
Kevin is not registered into GER1000
Ivan is already registered into CS3233
IS1103 is full
Tan is not registered into CS3233
9 GER1000
Ivan is already registered into IS1103
9 GER1000
11 CS1231 GER1000
William is not registered into GER1000
Ivan is not registered into ES1103
9 GER1000
Kevin has no modules
Kevin has no modules
Tan successfully registered into ES1103
9 GER1000
4
