No students registered for modules
Ivan successfully registered into MA1101R
MA1101R is full
Tan has no modules
Kevin successfully registered into CS1010R
Ivan successfully registered into CS1231
Ivan has been removed from CS1231
John has no modules
2
William has no modules
William is not registered into CS1231
10 Ivan Kevin
Kevin is not registered into CS1231
Tan is not registered into ES1103
William has no modules
Tan is not registered into MA1101R
Kevin has been removed from CS1010R
John is not registered into MA1101R
1
1
10 Ivan
William has no modules
1
10 MA1101R
10 MA1101R
1
1
Kevin is not registered into CS1231
1
1
Tan is not registered into ES1103
William has no modules
Kevin is not registered into CS1101S
Kevin successfully registered into CS1010R
10 Ivan Kevin
MA1101R is full
10 CS1010R
10 MA1101R
Ivan successfully registered into CS1231
Tan is not registered into CS1101S
Ivan is already registered into MA1101R
2
Kevin successfully registered into CS1231
15 Ivan Kevin
William successfully registered into ES1103
Tan is not registered into MA1101R
John successfully registered into CS1101S
15 CS1010R CS1231
4
Tan has no modules
MA1101R is full
Ivan is not registered into CS1010R
15 CS1231 MA1101R
6 ES1103
15 CS1010R CS1231
William is not registered into CS1101S
15 Ivan Kevin
6 ES1103
4
1 CS1101S
John successfully registered into CS1231
Ivan is already registered into CS1231
6 CS1101S CS1231
William is not registered into CS1101S
4
Kevin successfully registered into ES1103
6 ES1103
William is not registered into CS1101S
21 Kevin
6 CS1101S CS1231
Kevin successfully registered into CS1101S
Tan is not registered into ES1103
Kevin has been removed from CS1231
William has been removed from ES1103
3
6 CS1101S CS1231
3
Kevin is already registered into CS1010R
3
John is already registered into CS1101S
John is already registered into CS1101S
William has no modules
17 Kevin
Tan successfully registered into CS1101S
Tan is not registered into ES1103
Tan successfully registered into CS1010R
Ivan is already registered into MA1101R
6 CS1101S CS1231
4
6 CS1101S CS1231
Tan is not registered into CS1231
15 CS1231 MA1101R
John successfully registered into CS1010R
Tan successfully registered into CS1231
17 Kevin
16 CS1010R CS1101S CS1231
16 CS1010R CS1101S CS1231
15 CS1231 MA1101R
4
MA1101R is full
