W9Wke has no modules
32 successfully registered into gO
z4 has no modules
fNxNf1 has no modules
kJGvB6I is not registered into TNSzl47NO
64BXt successfully registered into 0xT6Riq
1d7VcSo17L0 is not registered into TNSzl47NO
Bri7n successfully registered into KH7hNn9LZ8w
W9Wke has no modules
3
3
64BXt successfully registered into 7Nq2IVV0
3
6A is not registered into KH7hNn9LZ8w
n9o8C15B successfully registered into 7Nq2IVV0
14 64BXt
14 64BXt
4
4
kJGvB6I successfully registered into TNSzl47NO
6A is not registered into TNSzl47NO
5
2h1bwp has no modules
5 KH7hNn9LZ8w
uNGWJf successfully registered into KH7hNn9LZ8w
6A successfully registered into 4GAZ4m1K
7
5 KH7hNn9LZ8w
0K9R96DwOs successfully registered into Ps2M8mz
14 64BXt
0K9R96DwOs successfully registered into KH7hNn9LZ8w
1d7VcSo17L0 is not registered into 0xT6Riq
Bri7n is already registered into KH7hNn9LZ8w
8
pf6 has no modules
8ZB6u4O5 successfully registered into TNSzl47NO
uNGWJf successfully registered into 7Nq2IVV0
4GAZ4m1K is full
n9o8C15B successfully registered into KH7hNn9LZ8w
32 is not registered into TNSzl47NO
V6D09 has no modules
32 is not registered into 0xT6Riq
1 TNSzl47NO
9
2h1bwp successfully registered into Ps2M8mz
10
z4 has no modules
10
V6D09 is not registered into TNSzl47NO
V6D09 has no modules
15 n9o8C15B uNGWJf
2h1bwp successfully registered into 7Nq2IVV0
Bri7n is not registered into TNSzl47NO
15 n9o8C15B uNGWJf
NuJ8 is not registered into KH7hNn9LZ8w
10
4GAZ4m1K is full
0K9R96DwOs successfully registered into 0xT6Riq
10
15 7Nq2IVV0 KH7hNn9LZ8w
1 TNSzl47NO
64BXt is not registered into Ps2M8mz
W9Wke is not registered into TNSzl47NO
kJGvB6I is not registered into gO
E976T2Gm has no modules
10
1 TNSzl47NO
10
15 n9o8C15B uNGWJf
7Nq2IVV0 is full
0xT6Riq is full
10
pf6 has no modules
15 7Nq2IVV0 KH7hNn9LZ8w
13 7Nq2IVV0 Ps2M8mz
1 TNSzl47NO
2 4GAZ4m1K
pf6 is not registered into 7Nq2IVV0
7Nq2IVV0 is full
8ZB6u4O5 is not registered into Ps2M8mz
0xT6Riq is full
2h1bwp has been removed from 7Nq2IVV0
15 n9o8C15B uNGWJf
0K9R96DwOs successfully registered into 7Nq2IVV0
4GAZ4m1K is full
7C5CjpK1ve has no modules
NuJ8 is not registered into 7Nq2IVV0
32 is not registered into Ps2M8mz
15 7Nq2IVV0 KH7hNn9LZ8w
kJGvB6I successfully registered into Ps2M8mz
1d7VcSo17L0 is not registered into KH7hNn9LZ8w
V6D09 is not registered into 0xT6Riq
32 has been removed from gO
0K9R96DwOs is not registered into 4GAZ4m1K
V6D09 has no modules
22 0K9R96DwOs
pf6 has no modules
1d7VcSo17L0 successfully registered into Ps2M8mz
14 0xT6Riq 7Nq2IVV0
10
