uNGWJf successfully registered into IS1103
9 uNGWJf
1d7VcSo17L0 is not registered into IS1103
uNGWJf has been removed from IS1103
NuJ8 successfully registered into CS3233
6A is not registered into MA1101R
pf6 successfully registered into GER1000
fNxNf1 successfully registered into MA1521
7C5CjpK1ve is not registered into IS1103
E976T2Gm successfully registered into MA1101R
8 NuJ8
fNxNf1 is not registered into CS3233
Bri7n successfully registered into MA1101R
V6D09 is not registered into CS1010R
8 NuJ8
W9Wke is not registered into IS1103
8ZB6u4O5 has no modules
64BXt is not registered into CS3233
8 NuJ8
8 CS3233
5
8 NuJ8
5
8 NuJ8
n9o8C15B successfully registered into CS3233
0K9R96DwOs is not registered into CS3233
64BXt has no modules
64BXt has no modules
6
8 NuJ8 n9o8C15B
W9Wke is not registered into IS1103
8 NuJ8 n9o8C15B
3 MA1521
VRyh has no modules
n9o8C15B is not registered into MA1521
6A is not registered into GER1000
1d7VcSo17L0 is not registered into IS1103
6
6
6A has no modules
kJGvB6I successfully registered into MA1101R
7
64BXt has no modules
pf6 successfully registered into MA1521
kJGvB6I successfully registered into GER1000
5 GER1000 MA1101R
7
7
32 is not registered into MA1101R
uNGWJf has no modules
0K9R96DwOs has no modules
5 GER1000 MA1521
W9Wke successfully registered into MA1101R
Bri7n is not registered into IS1103
NuJ8 is already registered into CS3233
5 GER1000 MA1521
8
7C5CjpK1ve is not registered into CS3233
8 NuJ8 n9o8C15B
32 is not registered into MA1101R
8
64BXt is not registered into MA1101R
V6D09 has no modules
2h1bwp has no modules
32 has no modules
E976T2Gm successfully registered into MA1521
8ZB6u4O5 is not registered into MA1101R
6A has no modules
3 MA1101R
E976T2Gm is not registered into IS1103
W9Wke has been removed from MA1101R
pf6 is not registered into IS1103
0K9R96DwOs successfully registered into MA1101R
1d7VcSo17L0 is not registered into IS1103
8
NuJ8 is not registered into IS1103
W9Wke successfully registered into MA1101R
MA1521 is full
MA1521 is full
8 NuJ8 n9o8C15B
z4 has no modules
2h1bwp has no modules
64BXt successfully registered into GER1000
5 GER1000 MA1101R
6A has no modules
MA1521 is full
5 GER1000 MA1101R
7C5CjpK1ve is not registered into GER1000
5 GER1000 MA1101R
2 GER1000
8 NuJ8 n9o8C15B
W9Wke is not registered into CS1010R
3 MA1101R
5 GER1000 MA1521
8 NuJ8 n9o8C15B
n9o8C15B has been removed from CS3233
7C5CjpK1ve has no modules
z4 is not registered into CS1010R
n9o8C15B is not registered into CS3233
9
