6A has no modules
6A is not registered into u1171W
E976T2Gm successfully registered into u1171W
pf6 has no modules
32 successfully registered into 0xT6Riq
VRyh is not registered into gOs4gt
z4 has no modules
n9o8C15B successfully registered into Ps2M8mz
8ZB6u4O5 has no modules
z4 is not registered into KH7hNn9LZ8w
6A successfully registered into gOs4gt
V6D09 successfully registered into Ps2M8mz
uNGWJf has no modules
uNGWJf successfully registered into Ps2M8mz
kJGvB6I is not registered into u1171W
pf6 has no modules
1d7VcSo17L0 has no modules
Bri7n has no modules
VRyh is not registered into u1171W
64BXt is not registered into u1171W
6 V6D09 n9o8C15B uNGWJf
fNxNf1 has no modules
z4 successfully registered into zF876k3fSuh
7C5CjpK1ve has no modules
NuJ8 successfully registered into 7Nq2IVV0
0K9R96DwOs is not registered into 7Nq2IVV0
8ZB6u4O5 has no modules
1d7VcSo17L0 has no modules
8
NuJ8 successfully registered into gO
6 V6D09 n9o8C15B uNGWJf
VRyh is not registered into zF876k3fSuh
6A is not registered into 7Nq2IVV0
pf6 has no modules
2h1bwp is not registered into zF876k3fSuh
6A is not registered into gO
32 is not registered into Ps2M8mz
kJGvB6I has no modules
8ZB6u4O5 is not registered into u1171W
6 V6D09 n9o8C15B uNGWJf
6 V6D09 n9o8C15B uNGWJf
6 Ps2M8mz
8
2h1bwp has no modules
8
kJGvB6I is not registered into 0xT6Riq
6 V6D09 n9o8C15B uNGWJf
8ZB6u4O5 successfully registered into zF876k3fSuh
6A is not registered into 7Nq2IVV0
W9Wke has no modules
6 Ps2M8mz
W9Wke has no modules
fNxNf1 is not registered into 0xT6Riq
9
0K9R96DwOs successfully registered into zF876k3fSuh
10
10
6 V6D09 n9o8C15B uNGWJf
8ZB6u4O5 successfully registered into gO
gOs4gt is full
3 7Nq2IVV0 gO
3 zF876k3fSuh
Ps2M8mz is full
pf6 has no modules
64BXt has no modules
6 Ps2M8mz
10
W9Wke has no modules
6 V6D09 n9o8C15B uNGWJf
kJGvB6I has no modules
10
6 Ps2M8mz
V6D09 is not registered into 7Nq2IVV0
2h1bwp is not registered into gOs4gt
6 V6D09 n9o8C15B uNGWJf
1 u1171W
kJGvB6I has no modules
Ps2M8mz is full
10
5 gO zF876k3fSuh
fNxNf1 successfully registered into KH7hNn9LZ8w
11
3 7Nq2IVV0 gO
2 KH7hNn9LZ8w
6 Ps2M8mz
1 u1171W
6 V6D09 n9o8C15B uNGWJf
6A is not registered into Ps2M8mz
uNGWJf is not registered into 7Nq2IVV0
2h1bwp is not registered into gO
5 gOs4gt
gOs4gt is full
pf6 has no modules
32 successfully registered into gO
6 V6D09 n9o8C15B uNGWJf
3 7Nq2IVV0 gO
5 gO zF876k3fSuh
6 V6D09 n9o8C15B uNGWJf
5 0xT6Riq gO
2h1bwp has no modules
