No student with name ggkbbipzzrz
No student with name ggkbbipzzrz
udfykgr added at position 1
udfykgr has left position 1
giooobppl added at position 1
No student with name udfykgr
No student with name udfykgr
nvwdtx added at position 2
No student with name udfykgr
uxnspusgdh added at position 2
No student with name apjnadqhd
No student with name qlwp
bmwsiqyoyg added at position 4
No student with name ggkbbipzzrz
egebeocfu added at position 4
No student with name xymzevypzv
ehkchz added at position 6
flilrjq added at position 7
nxztq added at position 6
svbspkyhs added at position 8
nxztq has left position 6
pddbuotbbqc added at position 6
iv added at position 7
fxjujjddn added at position 5
geiqvdgai added at position 7
vwc added at position 4
No student with name nbppkq
ehljxe added at position 1
No student with name nxztq
No student with name ubzvafs
qpqwu added at position 13
ifwovyddw added at position 3
No student with name aubwewpjvy
ehljxe has left position 1
nneslsplwu added at position 5
bmwsiqyoyg has left position 9
egebeocfu has left position 7
knhkw added at position 2
panlt added at position 10
fi added at position 15
panlt has left position 10
fxjujjddn has left position 8
wcs added at position 12
moxeqmrjo added at position 4
nvwdtx has left position 6
wlkobmeahkg added at position 6
cn added at position 9
ehhs added at position 11
geiqvdgai has left position 10
hlr added at position 6
No student with name bmyppph
No student with name nvwdtx
basjeuyga added at position 11
No student with name mgyjgfdxvtn
No student with name bmwsiqyoyg
uw added at position 8
jqsjxvkqdor added at position 4
No student with name bmyppph
No student with name og
No student with name vvburc
lpg added at position 7
irbfc added at position 15
No student with name ow
No student with name oub
fxsnvucftp added at position 7
ctgt added at position 14
mx added at position 3
upycfgc added at position 25
basjeuyga has left position 17
it added at position 15
wcs has left position 23
rampetvhq added at position 1
ddjeqvuygpn added at position 5
No student with name ggkbbipzzrz
frpj added at position 20
No student with name cxam
bmskskfo added at position 10
No student with name bmwsiqyoyg
No student with name geiqvdgai
wjckdmeou added at position 27
zhyv added at position 25
No student with name gvwujbq
xpitcvogr added at position 22
id added at position 25
vhr added at position 3
No student with name basjeuyga
kleewhxte added at position 21
vhr has left position 3
ebnvfgvj added at position 22
dv added at position 3
jaf added at position 19
No student with name xlz
No student with name wcs
xfgvice added at position 30
No student with name bmwsiqyoyg
ehhs has left position 28
vhesnkqx added at position 39
wrqi added at position 36
No student with name bmyppph
vhesnkqx has left position 40
