No such student
No student with name naqzrz
0
No student with name naqzrz
0
0
zcfkrw added at position 1
xyg added at position 2
0
ttyitteu added at position 1
nkmgeggin added at position 3
xyg has left position 4
No such student
hfylzbalqjp added at position 3
0
jzyv added at position 2
knyimezramy added at position 5
rxwtaxesgur added at position 1
1
dfspss added at position 3
3
No such student
knyimezramy nkmgeggin
bii added at position 4
No student with name xyg
atbkayt added at position 6
wzdon added at position 11
vazjwpczxkw added at position 6
raa added at position 9
jzyv has left position 5
hnvggteiy added at position 1
vcpwda added at position 6
No such student
tjwxffkalt added at position 6
rbuly added at position 13
No student with name audc
No such student
vzw added at position 10
5
knyimezramy has left position 15
icbnljkoah added at position 15
No student with name gwzzzlykevh
rhwzx added at position 4
fp added at position 16
No such student
jjjqzi added at position 16
ae added at position 3
jwcc added at position 6
ttyitteu
0
5
No student with name fwk
No student with name fwk
12
rbuly has left position 17
hfylzbalqjp has left position 16
ckaatpdohtg added at position 11
3
No such student
rhwzx has left position 5
gfxwkca added at position 9
cbnrgebbmd added at position 16
12
No such student
dnnkpesubo added at position 13
dr added at position 17
huq added at position 1
auedg added at position 9
0
8
fjcgzglqjvk added at position 6
5
bqyf added at position 10
cwmhfoogx added at position 16
8
iswdwmi added at position 5
gjzu added at position 14
2
No such student
1
erep added at position 22
ye added at position 32
11
22
ye has left position 32
13
akwv added at position 17
nwa added at position 26
atbkayt
13
rbtvb added at position 9
No such student
cglujfcmel added at position 3
pkmctltue added at position 11
vkjuxprmip added at position 7
oajyinmmyxd added at position 30
jfe added at position 14
ayzqtlzqi added at position 28
jxybmn added at position 20
xllmx added at position 13
lwcwgjadj added at position 39
cglujfcmel has left position 3
yjedippvooi added at position 40
No such student
xo added at position 3
erfwsrwkqu added at position 33
vazjwpczxkw
No such student
ltmv added at position 9
ltmv has left position 9
btpvlofyae added at position 37
zwyttlofi added at position 20
iswdwmi
spletgv added at position 12
rxwtaxesgur
No such student
jxybmn has left position 23
yseenuxxp added at position 37
hrys added at position 44
raa has left position 42
tpvh added at position 25
4
3
zhayf added at position 14
No student with name znmnr
No such student
No student with name cglujfcmel
cxsdrgsrm added at position 18
No such student
kxin added at position 43
lgbjn added at position 37
No such student
wzdon
rxwtaxesgur
kxin dr cbnrgebbmd
10
kk added at position 14
vqphek added at position 33
xia added at position 7
5
21
7
vggvdxf added at position 50
lcdaj added at position 12
9
kk has left position 16
swbbt added at position 41
ya added at position 40
lcwnoia added at position 26
ovvd added at position 28
axlzxlcyg added at position 22
jfe
zwyttlofi
ya has left position 43
kbw added at position 36
bfkxmk added at position 44
cjbi added at position 36
upwccwqg added at position 11
znwmrhyufm added at position 8
kys added at position 34
lcdaj rbtvb
hrys
dnnkpesubo has left position 43
0
uievc added at position 56
12
51
dak added at position 61
ldyv added at position 64
4
ugen added at position 47
No student with name fwk
bii has left position 23
xo has left position 3
zyvumiosm added at position 8
xmwfpnodhad added at position 63
fp icbnljkoah nkmgeggin
uievc kxin dr cbnrgebbmd
0
No student with name wh
odsatu added at position 43
spletgv pkmctltue
No such student
5
decxgpttuvi added at position 13
tjwxffkalt has left position 27
ottsf added at position 35
bigfgm added at position 17
18
zief added at position 63
jibcnpvj added at position 7
cjk added at position 57
No student with name xgeqmahlt
ue added at position 73
25
14
No such student
icswx added at position 37
twheibqvit added at position 66
yevzevptn added at position 1
cckpknjhmh added at position 4
kogs added at position 1
rxwtaxesgur
ycpo added at position 40
ewzgiqtxz added at position 21
jgetxkmmkb added at position 76
banbum added at position 76
ladpy added at position 51
ygtrgutp added at position 31
No student with name bgryqus
zovccwcqayc added at position 9
xia has left position 10
zwyttlofi
ni added at position 15
mtfxs added at position 36
su added at position 53
qzoq added at position 67
axlzxlcyg
bqyf auedg
dalxvjn added at position 73
No student with name naqzrz
cxsdrgsrm
kys tpvh
iaonazkxi added at position 61
vigrbk added at position 61
swbbt has left position 66
ja added at position 42
lqi added at position 22
No such student
zwyttlofi has left position 36
2
hjq added at position 30
ecapqsidub added at position 6
ecoqnsrula added at position 95
twheibqvit zief vggvdxf
yrpivrkkhe added at position 13
No student with name jzyv
kys tpvh
khfkyusvne added at position 95
wjcijajmbz added at position 39
qiwzfnu added at position 47
32
ladpy
64
oslxor added at position 97
okzlw added at position 74
2
zqqif added at position 70
iswdwmi
upwccwqg
