oweymgspit added at position 1
shwwy added at position 1
0
tiirmg added at position 1
uyu added at position 1
tiirmg has left position 2
jiwff added at position 1
oweymgspit has left position 4
No such student
prqkqnloloa added at position 3
prqkqnloloa has left position 3
No such student
wy added at position 3
0
hkcsmjkg added at position 2
cdgnrnw added at position 1
jxgpqkjxbsh added at position 7
1
0
No such student
hkcsmjkg has left position 3
2
0
vcfp added at position 4
bqxv added at position 4
yzhhuygjhh added at position 6
No such student
aaidqhzs added at position 4
acoucwe added at position 2
yzhhuygjhh
hagpxrbxtla added at position 4
No student with name sqox
cupvaea added at position 9
6
No student with name tzxawvbjrrp
xu added at position 8
zyeavofan added at position 8
xngqyhubmaf added at position 9
qyz added at position 2
cinylowrot added at position 16
0
tfijdsdggf added at position 19
yzhhuygjhh
up added at position 2
kitgcm added at position 11
19
uvtsiuiafpr added at position 15
jgpuqlatx added at position 23
No such student
21
wy
ughpftgxz added at position 19
No such student
nbuj added at position 19
up
nrdd added at position 1
No such student
8
jsa added at position 11
7
bqxv has left position 10
ekexmyz added at position 18
1
kitgcm has left position 12
ujgrkudd added at position 25
fkjjwq added at position 21
joiaptulbqu added at position 3
xxp added at position 6
gvksq added at position 27
wktiwef added at position 23
No such student
5
No student with name lhfxjyjskq
tywgthcamq added at position 6
cdgnrnw
jufpuww added at position 12
xxp acoucwe jiwff
aj added at position 27
hnzvdrx added at position 31
ismt added at position 6
gbscxqyclzk added at position 12
No such student
No such student
No student with name ubzukzd
0
wu added at position 26
gbscxqyclzk has left position 12
tqnsbhjlz added at position 17
oefurcwgznw added at position 22
7
wb added at position 6
hmht added at position 24
ny added at position 2
ebvn added at position 32
kj added at position 42
ewj added at position 7
dt added at position 47
nrdd
xngqyhubmaf has left position 21
No student with name kitgcm
6
wqdafphr added at position 38
umgrakzmm added at position 39
tqnsbhjlz xu
sn added at position 27
ilg added at position 25
lnc added at position 43
eipqq added at position 37
uvtsiuiafpr has left position 23
No such student
5
No student with name dnwgzy
uxit added at position 23
knueon added at position 14
No such student
be added at position 50
No student with name vidnuokvjr
byxlltrbg added at position 6
3
ny
jxgpqkjxbsh has left position 49
jqepnlp added at position 25
No student with name hkcsmjkg
bwjqe added at position 12
uxit has left position 27
14
24
dt has left position 55
0
ygjxiem added at position 23
No student with name ufarf
kfsudo added at position 19
jekr added at position 35
ffcyd added at position 40
jbsn added at position 1
ewj wb ismt tywgthcamq
No student with name lenlf
vsunbzsezyq added at position 7
No student with name cddgcgoreac
ilg has left position 32
No student with name va
No student with name wqfnqrnvvil
wktiwef has left position 43
ewj has left position 10
sirj added at position 8
qjxkdbfw added at position 22
eqyxq added at position 30
jsa
No such student
No student with name fpcmkivbpoi
sqkqsqg added at position 44
14
wsxbwznv added at position 40
0
kfsudo
iijaxo added at position 15
ugtxfukage added at position 46
28
dllpon added at position 55
iansizuin added at position 27
No student with name ruettyzswra
jqepnlp has left position 34
3
No such student
9
No student with name lzkkcvvsmk
sn ekexmyz
aozj added at position 21
xh added at position 35
vsunbzsezyq
ugtxfukage sqkqsqg ebvn fkjjwq
6
eipqq aj ughpftgxz cinylowrot
fjfqmdoo added at position 7
btmzhfwest added at position 68
7
hwipyfwk added at position 70
No student with name uglvapur
xxp has left position 17
pqr added at position 21
dllpon umgrakzmm
62
63
jgpuqlatx has left position 69
wbqlr added at position 17
br added at position 37
hwipyfwk
No student with name yep
oefurcwgznw has left position 39
yc added at position 3
No such student
vkjoa added at position 8
8
yquaviylxmy added at position 67
12
sirj byxlltrbg qyz
pbmjyreyhy added at position 11
No student with name sbezbgnwk
No student with name uglvapur
0
No student with name fypepdevdzw
No student with name tzxawvbjrrp
ughpftgxz has left position 59
ysfnpefzlx added at position 72
xnnkdcfvjh added at position 67
ezkam added at position 23
ppenhkczqj added at position 76
bg added at position 49
ztsjxuqudxx added at position 20
qjxkdbfw jufpuww aaidqhzs
ezkam knueon hagpxrbxtla
kqvdigce added at position 67
6
33
pihsu added at position 49
cmyixgkbejn added at position 44
ffyllhdq added at position 8
nnqa added at position 5
26
No student with name nrxtbpms
pqr aozj uyu
16
soztyynjawx added at position 55
20
uszpjj added at position 46
tldqgtr added at position 87
4
sl added at position 36
48
slo added at position 56
kfwtvpgahm added at position 26
ynkqe added at position 55
12
oikcuui added at position 8
pfjw added at position 23
qkapymhcaqt added at position 35
cdz added at position 37
rzlbl added at position 77
dllpon umgrakzmm
No student with name ah
apiahd added at position 51
68
90
jm added at position 32
10
upuxidebl added at position 91
vcfdkhor added at position 54
No student with name owpdkn
mrfzfut added at position 3
kqvdigce lnc
ppenhkczqj hwipyfwk
cmyixgkbejn has left position 57
bmsrfzlcjrd added at position 57
ana added at position 55
fci added at position 53
dypitqzhy added at position 1
12
stafvxkxf added at position 48
ae added at position 90
izrkhpcirid added at position 70
jiwff has left position 29
44
sow added at position 77
kfwtvpgahm ezkam knueon hagpxrbxtla
yquaviylxmy kj
ytze added at position 47
cdz qjxkdbfw jufpuww aaidqhzs
52
jag added at position 91
obllzh added at position 20
wwcuebnf added at position 99
xydxp added at position 94
eipqq has left position 85
bwsoktwoqu added at position 81
ka added at position 56
No such student
fasl added at position 24
bbhxtvhntxd added at position 100
No student with name dpsxpmaey
No student with name erfmfz
wcgyutcxujv added at position 103
wu has left position 79
szj added at position 54
rihhmtunp added at position 35
tp added at position 52
mrqjcnzju added at position 59
lymc added at position 67
No student with name fnybcb
23
zd added at position 26
mrqjcnzju
zd iijaxo
fr added at position 107
acoucwe has left position 31
12
kv added at position 10
ka fci apiahd xh
dtc added at position 17
xnnlveun added at position 112
dypitqzhy jbsn nrdd
znv added at position 42
kxp added at position 111
mrqjcnzju
znjf added at position 111
xjgho added at position 42
jll added at position 22
rihhmtunp jm pqr aozj uyu
zd iijaxo
50
4
wxwb added at position 119
No student with name nqpczug
zbkokdmgwt added at position 33
No student with name exq
ggge added at position 10
mrqjcnzju
No student with name ilg
udpeh added at position 103
mfylfitno added at position 45
raglqppep added at position 126
stafvxkxf has left position 59
46
oogoblww added at position 132
izrkhpcirid slo bg
ee added at position 131
vjnag added at position 114
No student with name rw
No student with name qkfqbmqi
No student with name jiwff
be has left position 128
joiaptulbqu has left position 9
tqnsbhjlz xu
hxuhltw added at position 1
No such student
hyt added at position 32
cay added at position 55
lixtfra added at position 87
cay sl jsa
vtl added at position 97
saffgu added at position 63
nbuj
vwppyjcx added at position 23
zihuuhmw added at position 114
No such student
vqhtutrskgr added at position 80
No student with name qvfatmseoh
jag shwwy
sg added at position 64
cinylowrot has left position 108
rbnxsijiov added at position 61
