wlrbb added at position 1
qbhcdarz added at position 2
wkkyhidd added at position 3
scdx added at position 1
jmowfrx added at position 3
jybldbef added at position 3
arcbynecdy added at position 2
gx added at position 5
pklorel added at position 3
nmpap added at position 5
fwkhop added at position 9
mcoqhnwnku added at position 1
whsqmgbb added at position 12
qc added at position 12
jjivswmdk added at position 10
tbxixmvt added at position 6
rbljptnsn added at position 15
wzqfj added at position 6
afadrr added at position 15
so added at position 20
sbcnuvq added at position 14
ffb added at position 19
aqxwpqcace added at position 9
chzvfrkml added at position 21
ozjkpqpxr added at position 14
xkitzyx added at position 14
cbhhkicq added at position 13
oendtomfgd added at position 6
dw added at position 28
cgpxiqv added at position 8
uytd added at position 6
cgdewht added at position 6
ciohordt added at position 6
kv added at position 6
cs added at position 8
spqoqmsb added at position 25
aguw added at position 25
nyqxnzlgdgw added at position 17
btrwb added at position 8
nsade added at position 31
guumoqcd added at position 34
ubetoky added at position 40
hoachwdvmxx added at position 31
dryxlmndqtu added at position 31
wagmle added at position 36
uuk added at position 20
cibx added at position 6
bume added at position 40
meyat added at position 42
rmy added at position 38
