zy added at position 1
nvqqc added at position 1
zy has left position 2
nvqqc
id added at position 2
No such student
No such student
cvkelhhzjch added at position 2
dnl added at position 1
nmppnlgjzn added at position 1
ewwuysgefo added at position 2
expmmsb added at position 1
No such student
zqmkqzxuvt added at position 8
id
lqzkglzamz added at position 4
dnsjo added at position 9
No such student
zqmkqzxuvt
id has left position 8
No student with name lszkhfzconn
nsmouwqh added at position 3
dsgcfo added at position 7
ewwuysgefo has left position 4
lqzkglzamz
toayuvno added at position 1
djf added at position 1
No such student
bapriujimq added at position 11
dnl has left position 7
lgvlcsaq added at position 1
dbgwt added at position 5
No such student
dnfnbyjvpd added at position 12
xyuzqxsta added at position 15
bzp added at position 7
No such student
cvkelhhzjch has left position 12
vgbofth added at position 12
No such student
dnaywpnbito added at position 8
toayuvno
dsgcfo nvqqc
No student with name opmd
No such student
ucqxs added at position 11
No such student
djf has left position 2
kejh added at position 3
No such student
No such student
No student with name ewwuysgefo
No such student
lqzkglzamz
No student with name vnxb
No such student
No such student
No student with name qtw
No such student
cgdqrnll added at position 5
No such student
zvmwnuufnn added at position 15
vloyvgmliuq added at position 12
No such student
No such student
No student with name oj
iumoi added at position 9
wcqx added at position 17
wkqwgxyazn added at position 19
naikameyb added at position 21
uqb added at position 15
No such student
hrynqxqq added at position 13
lfot added at position 22
wcqx has left position 19
No such student
No such student
nsmouwqh has left position 11
zyxnjcb added at position 23
No such student
jhovengb added at position 11
No student with name seett
vloyvgmliuq has left position 14
No student with name ainhwilk
No such student
bzp
iumoi dnaywpnbito
vgbofth
inepfdu added at position 26
luc added at position 23
No such student
nmppnlgjzn
kcapwpbqrom added at position 24
uqb
No such student
cpjmrm added at position 18
pbegvsuluqt added at position 25
ucqxs
kcapwpbqrom has left position 26
qbvufdp added at position 25
xcwn added at position 9
No such student
dicwso added at position 26
No such student
No student with name zzwpwmfbfjk
No such student
No such student
otqiktxi added at position 2
No such student
No such student
qbvufdp pbegvsuluqt zyxnjcb dnfnbyjvpd bapriujimq
lbstnosvdk added at position 2
luc
No student with name hwgfn
lgvlcsaq has left position 1
No student with name piecwxxbj
inepfdu has left position 33
zvmwnuufnn
naikameyb
dbgwt has left position 7
cgdqrnll has left position 6
No such student
No student with name nmk
No such student
No student with name cgdqrnll
zvmwnuufnn has left position 19
uoyevslq added at position 30
rlyskrh added at position 11
nl added at position 26
nl
uyyf added at position 9
No student with name qzeqvlq
yyepfaesjlk added at position 28
No such student
No student with name nsmouwqh
jrxhrdyyddq added at position 35
qdo added at position 3
jhovengb lqzkglzamz
xzjywum added at position 2
No student with name cvkelhhzjch
oyirmi added at position 17
ernekxd added at position 27
icjfqkk added at position 29
No student with name xqiysrsqfwq
No student with name hwgfn
zkws added at position 31
jrxhrdyyddq dnsjo
ugfrteom added at position 4
No student with name vcz
qnir added at position 27
