No such student
No such student
No student with name ak
tdjrhv added at position 1
No such student
0
No student with name rcowakkmp
No such student
adiilxsmhfw added at position 1
No student with name hv
1
vnognr added at position 1
vfoqrxv added at position 1
No such student
mgo added at position 4
tdjrhv
No such student
tkao added at position 5
0
jyk added at position 5
No such student
3
No such student
yhxkjvcx added at position 1
yhxkjvcx
jkxspbuoi added at position 8
yhxkjvcx
No student with name himjhvgteew
tjjq added at position 3
rfg added at position 9
No student with name mayqnqk
rgaupsb added at position 10
No student with name dy
yhxkjvcx
tjjq has left position 3
4
No such student
6
No such student
No student with name forctuq
No such student
osayegcxoz added at position 6
1
nlzvuleydv added at position 5
No such student
vnognr has left position 3
9
No student with name tjjq
lcyhbigvjfz added at position 5
hvahawoz added at position 3
soux added at position 5
rfg
No such student
No student with name enocltcsdfu
No such student
8
vfoqrxv
1
No student with name hv
fo added at position 16
No student with name hwv
No such student
No student with name txh
No such student
No such student
vuhvipvz added at position 6
nlzvuleydv
zogxyuhqwv added at position 1
No student with name xkgcie
cfewbqfibuw added at position 8
uxdaudvev added at position 6
byn added at position 12
mdupr added at position 6
7
15
No such student
17
ivxub added at position 2
jspdp added at position 7
acmetkizbjk added at position 17
No student with name vnognr
No student with name tjjq
hsdyfdbr added at position 22
wdr added at position 15
fbkagjjqsc added at position 19
lqnagqa added at position 23
0
pmkptl added at position 7
No such student
30
No such student
13
0
ivxub has left position 2
nsrkpwibp added at position 14
No student with name gpregq
ebsyzag added at position 18
No student with name tjjq
No such student
tdjrhv has left position 30
No such student
26
No student with name ttjelego
vlxogf added at position 7
acmetkizbjk has left position 21
zogxyuhqwv
No student with name iyddt
2
ng added at position 2
hudzindgevp added at position 28
zqa added at position 20
No student with name rcowakkmp
No student with name cowtl
28
jogcqwe added at position 24
jjrevznt added at position 31
ervl added at position 5
zqa ebsyzag
ficqz added at position 19
upgy added at position 33
rkiwf added at position 25
jz added at position 24
psrbsa added at position 9
szqfh added at position 4
No student with name rlvsuspk
hudzindgevp
No student with name agdzilo
vutp added at position 24
vfoqrxv
eupo added at position 22
No such student
kntm added at position 44
mje added at position 6
zattf added at position 39
No student with name hzedorf
No student with name jsw
No student with name kdophri
12
rrqyznhxf added at position 32
zattf hudzindgevp
0
icoyafvvymn added at position 2
obgl added at position 2
No student with name gpregq
vfqvss added at position 42
hvljk added at position 1
19
ukh added at position 2
No student with name bnvq
No student with name pycssartg
mztxqzee added at position 1
ar added at position 21
xjxax added at position 54
No student with name ltoknpd
fbkagjjqsc
No such student
ag added at position 13
uxuopxccas added at position 10
ficqz
xcyfbzmsdt added at position 54
ezwlnqiie added at position 11
No student with name az
ytod added at position 13
ag hvahawoz adiilxsmhfw
obgl has left position 5
fo has left position 60
2
No student with name zqirctpifaj
ezwlnqiie
5
xh added at position 10
cfewbqfibuw has left position 28
khjgfznyn added at position 39
zattf has left position 51
icoyafvvymn has left position 5
No such student
wtjif added at position 31
jpa added at position 40
tdmgbp added at position 46
ilgzbxg added at position 15
xujipe added at position 40
27
63
exsnfjtmuj added at position 36
mhbvkxw added at position 43
No student with name xkgcie
ficqz has left position 31
53
qwv added at position 57
No student with name lg
uptl added at position 15
No such student
mld added at position 43
No student with name zattf
No student with name gnhfljxms
No student with name hibhaivyr
nrajrouupx added at position 2
lxxo added at position 68
pqqapgfz added at position 64
3
wtjif has left position 33
No student with name haazn
wzknqa added at position 55
hgviud added at position 22
wf added at position 12
ukh zogxyuhqwv
43
psn added at position 27
zwchsgt added at position 61
49
rgijylbjpb added at position 17
rdzhxp added at position 65
wnpf added at position 55
No such student
No student with name pr
um added at position 9
No student with name mudnbcnu
kqowp added at position 48
No such student
28
No student with name hespkahc
tanmo added at position 35
vuhvipvz
rgijylbjpb uptl ilgzbxg ag hvahawoz adiilxsmhfw
ej added at position 13
27
szqfh
ng yhxkjvcx
hudzindgevp has left position 69
clalqcghiua added at position 72
0
62
30
jtrlehokr added at position 81
No student with name uvuvnbdr
nvluhyx added at position 59
No such student
ar
12
zyryzmpjev added at position 47
21
jkxspbuoi
gjogdofp added at position 6
No such student
wvzvmiwzts added at position 59
ctaqbmgjr added at position 37
oibhdaz added at position 34
11
No student with name vaskwghfe
No student with name ltoknpd
No such student
ng has left position 7
jyxk added at position 51
ijlmdqws added at position 25
wk added at position 66
pqqapgfz xcyfbzmsdt rgaupsb
79
xynquh added at position 86
lcyhbigvjfz has left position 42
No student with name drzzzkyi
6
khjgfznyn
12
No student with name ztvuebvgi
ffgdzsdt added at position 85
24
tyrpdivsi added at position 57
5
28
eupo wdr byn
No student with name xkgcie
opz added at position 35
bme added at position 42
bvco added at position 4
pgvzrw added at position 28
shr added at position 80
jyxk xujipe
tanmo nlzvuleydv
9
jz has left position 54
4
ey added at position 10
zyshe added at position 50
sgzr added at position 18
91
qxpvqzunp added at position 60
pqqapgfz xcyfbzmsdt rgaupsb
nzogfn added at position 88
No student with name mayqnqk
21
tip added at position 44
kqowp has left position 62
1
ffgdzsdt xynquh jkxspbuoi
klyogidf added at position 7
No student with name hsjyp
ylr added at position 62
jyxk xujipe
jgmtlrh added at position 44
ilgzbxg has left position 25
