No student with name ghl
No student with name ro
zhgsbaecplp added at position 1
0
0
hi added at position 2
No such student
hi
2
liev added at position 3
vwcqeq added at position 2
liev
No such student
hi has left position 3
1
No such student
cyspqzvuqi added at position 1
zptlpvooy added at position 5
yapgv added at position 6
vwcqeq
No such student
No such student
ffn added at position 4
njyeeltzaiz added at position 7
iccozwk added at position 5
wyhzgpqlwfk added at position 4
4
No such student
No such student
No such student
qinn added at position 5
qmihntkdd added at position 6
alwnmsxsa added at position 3
qmihntkdd
cnnpjf added at position 9
rmrnyu added at position 1
nw added at position 2
jjp added at position 7
njyeeltzaiz yapgv
No student with name tyqjtm
cnnpjf
No such student
srd added at position 9
qkduvt added at position 13
zzczufvtvf added at position 4
oygk added at position 7
zptlpvooy
neghbctcb added at position 6
dxezrzg added at position 13
0
nw has left position 2
No student with name qi
qfmzjqtlrs added at position 14
9
No student with name kzhhvlx
3
2
No student with name rwwxyrh
yiqdchghr added at position 8
No such student
3
5
1
iewqmoxkjwp added at position 4
mqor added at position 21
uxedvyw added at position 13
2
giest added at position 4
7
aigocfufbub added at position 4
yrrffmwa added at position 1
qfmzjqtlrs
No student with name poxhxclqqe
nnzcphkfl added at position 5
bqs added at position 18
tdwluds added at position 14
aungfzoi added at position 5
bxifoprwcjz added at position 4
No student with name ro
jypweuxve added at position 6
ybogsf added at position 7
qhipbompufp added at position 12
cki added at position 25
aghufczm added at position 12
ccgwig added at position 25
giest has left position 11
8
tdwluds has left position 19
qkduvt has left position 32
qinn has left position 28
kucz added at position 31
8
kw added at position 7
oygk
qfmzjqtlrs
tj added at position 33
0
29
fynze added at position 10
No student with name nw
mydypv added at position 34
gyxb added at position 3
cyspqzvuqi has left position 4
qhipbompufp has left position 14
qtmv added at position 27
ccgwig has left position 24
vv added at position 33
No student with name edervvu
hzkywhmgc added at position 29
qvdcqdp added at position 44
zmxwneikzf added at position 23
tant added at position 20
lpwzv added at position 36
hnvkplpf added at position 41
njyeeltzaiz yapgv
zdmuszlobio added at position 48
vkwkxlrxbl added at position 4
No student with name coghotpus
No student with name pfhza
zkbcsqmnc added at position 3
azvr added at position 50
yeupyvd added at position 38
No such student
0
zptlpvooy
kbyubxruws added at position 18
No such student
wd added at position 21
5
pd added at position 47
hnvkplpf
bnjpz added at position 24
xe added at position 58
29
5
vz added at position 58
39
soppv added at position 47
leijpyn added at position 57
hzkywhmgc
rdjadj added at position 57
gbsypjom added at position 54
brnki added at position 47
qfmzjqtlrs
dfvirbosv added at position 18
No student with name bxdwjccgtd
0
aojyjof added at position 34
gbsypjom njyeeltzaiz yapgv
No student with name xiksxj
No such student
No student with name nw
hrt added at position 38
kwwojbqhjjf added at position 27
boac added at position 9
11
dxezrzg has left position 39
tgxdcttnu added at position 30
vfscrwqty added at position 42
yn added at position 5
No such student
uowz added at position 57
pmdzjlrlc added at position 67
cyoywbmvzhx added at position 10
enhvivthf added at position 1
vfscrwqty qfmzjqtlrs
aquyetwift added at position 43
nsx added at position 46
21
qsvzzscq added at position 19
qmihntkdd
nmtae added at position 67
tmykcbrz added at position 47
juhltznlui added at position 73
No student with name vkhfxb
stouzgqmeao added at position 29
rq added at position 10
4
ohydtuotjyy added at position 77
ttlknmqdyv added at position 8
No student with name bqfspvcoul
tuqastvp added at position 4
oahpsdifn added at position 10
rfbqa added at position 73
pd mqor iccozwk
tdcctcmiu added at position 20
aungfzoi has left position 19
39
ioyvjdxnwb added at position 24
No student with name eyl
bsitjp added at position 7
zfri added at position 12
pfesfsq added at position 55
rxek added at position 80
cgmtmvvgf added at position 39
tmykcbrz has left position 57
zaddukvlqpk added at position 47
zjzhws added at position 54
vz xe
ham added at position 64
