1
2
3
3
4
5
6
7
8
9
10
11
12
13
14
15
16
17
18
19
20
21
21
22
23
24
25
26
27
28
29
30
31
32
33
34
35
36
37
38
39
40
41
42
43
44
45
46
47
43
44
45
46
47
48
49
41
42
43
44
45
46
47
48
49
50
51
52
53
54
31
32
33
34
35
36
37
38
39
40
41
42
42
43
44
45
46
47
48
49
50
51
52
53
54
55
55
56
56
57
58
56
57
58
59
60
61
62
63
64
65
66
67
40
41
42
43
44
24
25
26
27
28
29
30
31
32
33
34
35
34
35
36
37
38
39
40
41
35
36
34
35
36
37
29
30
31
32
33
34
25
24
22
23
24
25
26
27
28
27
28
29
30
31
32
33
34
35
36
37
38
39
40
41
42
43
43
44
44
45
46
47
48
49
50
51
52
53
54
55
56
57
58
59
60
61
62
63
64
64
46
47
48
43
44
45
46
47
47
48
49
50
51
52
53
54
55
56
57
56
43
44
45
46
40
41
42
43
44
45
46
47
47
48
49
42
33
26
27
28
29
30
31
32
33
34
35
36
31
32
33
34
35
36
37
38
39
40
41
42
43
44
45
46
47
48
33
34
35
36
37
38
39
40
41
42
43
44
45
46
47
48
49
50
51
52
53
53
54
55
56
57
58
59
60
61
62
63
64
65
66
67
68
69
70
71
72
73
74
75
76
77
78
79
80
81
82
83
79
63
64
65
66
67
68
69
70
71
72
73
74
75
76
77
78
79
78
79
80
81
82
83
84
85
86
87
88
88
88
89
90
91
92
93
94
95
96
97
98
98
99
100
101
102
103
104
105
106
107
108
109
110
111
112
113
114
115
116
117
118
119
120
121
121
122
123
124
125
126
127
127
128
129
107
108
109
110
111
112
113
114
115
116
117
118
119
120
120
121
122
123
124
125
126
127
128
128
129
130
131
132
133
134
135
136
137
138
139
140
141
142
143
144
145
146
147
148
149
150
151
152
153
154
155
156
157
158
159
160
160
161
162
163
164
165
166
167
168
169
170
171
172
173
174
175
176
177
178
179
180
181
181
182
183
184
185
186
187
188
189
190
191
192
193
194
195
196
196
179
180
181
182
183
184
185
186
187
188
189
190
191
192
193
194
195
196
197
198
199
200
201
202
203
204
205
206
164
165
166
167
168
169
170
171
172
173
174
175
176
134
135
136
137
137
138
139
140
141
141
136
137
138
139
140
141
142
143
144
145
146
146
147
148
149
150
151
152
153
154
155
156
157
158
152
98
99
85
86
79
80
81
82
83
84
85
85
86
70
71
72
73
74
75
76
77
78
79
80
81
82
33
34
33
34
30
31
32
32
33
23
24
25
26
27
28
29
22
23
24
25
26
27
28
28
28
10
11
12
11
12
13
14
15
16
17
18
19
20
21
22
23
24
21
22
23
24
25
26
27
28
29
30
31
30
31
32
33
34
35
36
37
38
39
40
28
29
30
31
30
31
32
33
34
35
36
37
38
39
40
41
42
35
36
37
38
39
40
41
42
43
44
45
46
47
47
48
49
24
25
26
27
28
29
30
31
32
33
34
35
36
37
38
39
40
41
42
43
44
45
46
47
48
49
50
50
51
52
53
54
55
56
57
58
59
60
61
62
63
64
65
66
47
48
48
48
49
50
51
52
53
54
55
56
56
57
58
58
59
60
61
61
62
63
64
65
66
67
67
68
69
70
71
68
69
70
71
71
71
72
73
74
75
75
76
77
78
79
80
81
82
83
84
85
86
87
88
89
90
91
92
92
93
94
95
96
97
98
99
100
101
102
103
104
105
106
107
108
109
110
111
112
113
111
112
108
109
110
110
111
112
113
114
114
115
116
117
118
118
119
120
121
122
123
124
125
125
126
127
92
93
94
95
96
64
57
58
59
60
61
62
63
64
65
66
67
68
69
70
71
72
73
56
57
58
56
57
58
58
59
60
38
39
40
41
42
43
44
45
46
47
48
49
50
51
52
53
54
55
35
36
37
38
39
40
41
42
43
44
45
46
47
48
49
50
51
52
53
54
55
56
57
58
40
41
42
43
44
45
46
47
48
49
50
51
52
53
52
53
54
55
56
56
57
58
59
60
61
62
63
64
65
66
67
68
69
70
70
71
71
72
73
74
75
76
77
78
79
80
81
82
83
84
85
86
87
88
89
90
91
92
93
68
69
70
71
72
73
74
74
75
76
77
78
79
80
81
82
83
84
85
86
87
88
89
75
76
77
78
79
80
