item ewhsq is now being held
item ewhsq is already being held
item ewhsq is already being held
item ewhsq is already being held
item ewhsq is already being held
item ewhsq is already being held
item trrbljptnsnfwz does not exist
item ewhsq is already being held
item rrwsofsbcnuvqh does not exist
item ewhsq is already being held
item ewhsq is already being held
item cehchzvfr does not exist
item ewhsq is already being held
item ewhsq is already being held
item ewhsq is already being held
item ewhsq is already being held
item ewhsq is already being held
item hhkicqco does not exist
item ewhsq is already being held
item ewhsq is already being held
item ewhsq is already being held
item xiqvkuytdl does not exist
item ewhsq is already being held
item ewhsq is already being held
item ordtqkvwcsgspqoq does not exist
item ewhsq is already being held
item nnyqxnzlgdgwpbtrw does not exist
item ewhsq is already being held
item uguumoqcdru is now being held
item okyxhoachwdv has been deposited to box 1
item rdryxlmndqtukwagmlej has been deposited to box 1
item ewhsq has been deposited to box 1
item xubumenmey is now being held
item rmydia has been deposited to box 1
item oghiqfmzhlvihjouvs has been deposited to box 1
item ypayulyeimu has been deposited to box 1
item hzriicfskpggk has been deposited to box 1
item pzzrzucxamludfy has been deposited to box 1
item uowzgi has been deposited to box 1
item bppleqlwphapjnadqhd has been deposited to box 1
item wdtxjbmyppphau has been deposited to box 1
item pusgdhiix has been deposited to box 1
hzriicfskpggk
item xjcvud has been deposited to box 2
item yibyebmwsiqyoyg has been deposited to box 2
item mzevypzvjeg has been deposited to box 2
item ocfuftsxdixtigsie has been deposited to box 2
item chzdflilrjq has been deposited to box 2
item ztqrsvbspkyhse has been deposited to box 2
item pkqtpd has been deposited to box 2
item otbbqcw has been deposited to box 2
item fxjujjddntgeiqvdgaijvw has been deposited to box 2
item ubwew has been deposited to box 2
item ygehljxepb has been deposited to box 2
item uqzdzubdubzvafspqpqwu has been deposited to box 2
