item luqtu is now being held
item esvjtdhvtjmexfqbvufdpax is now being held
esvjtdhvtjmexfqbvufdpax
item luqtu has been deposited to box 1
item lyzedi is now being held
item pwtqrpyuearhwgfnpaqe does not exist
item luqtu has been withdrawn
item lyzedi is already being held
item xipqzeqvlqmuoubbjbrp is now being held
item fclbstnosvdkujcp has been deposited to box 1
item fclbstnosvdkujcp is in box 1
item iueziow has been deposited to box 1
item piecwxxbjtnmkjgncpmvau has been deposited to box 1
item ausokbfugj has been deposited to box 1
item uqbjclvlazamucimicnewdo has been deposited to box 1
item fuemda has been deposited to box 1
item hufsuevjaxrni has been deposited to box 1
item rhfrqqwnujquoyevs has been deposited to box 1
item rlyskrhunl has been deposited to box 1
item piecwxxbjtnmkjgncpmvau is already in storage
item yyfqu has been deposited to box 1
item luqtu has been deposited to box 1
item yetyyepfa is now being held
item lyzedi has been deposited to box 1
item vdevdllygazxjndjrxhrdyy is now being held
item nqdoayshw has been deposited to box 2
item xzjywumbff has been deposited to box 2
item dnxjqoyirmirernekxdlic has been deposited to box 2
item kkvnxuq has been deposited to box 2
cannot hold any more items
item zkwsqoi has been deposited to box 2
item luqtu is already in storage
item uuugfrteomqinuqnirxel has been deposited to box 2
item osaodqszkogrfbxtnpdbltqt has been deposited to box 2
item yeqtu has been deposited to box 2
item owswqyxntndxq does not exist
item gkhvihbaawjugag has been deposited to box 2
item dktdjizy has been deposited to box 2
item ozryityjrifximkyrokkt does not exist
item suiqiojfckyatryek has been deposited to box 2
item svusokcyeavwufpctajxkix has been deposited to box 2
item jmitwcqqxfbbfhbadvfuaa has been deposited to box 3
item frwkvuuhepdifvfkyh has been deposited to box 3
item uleafgaapahjwtesplweq has been deposited to box 3
item piecwxxbjtnmkjgncpmvau is in box 1
item releinkop has been deposited to box 3
item vomqueghdm has been deposited to box 3
item esvjtdhvtjmexfqbvufdpax is being held
item qnswaxgnjwdxbuus has been deposited to box 3
item nqwqdvadiwahoqakqzq has been deposited to box 3
item zkwsqoi is already in storage
item imnwzgsplo has been deposited to box 3
item npgehioxhhf has been deposited to box 3
item alwdtksslykajat has been deposited to box 3
item pdmyldxuk has been deposited to box 3
item tprrumbmemlrowrhwo has been deposited to box 3
item clghlc has been deposited to box 4
item zhgsbaecplpccdyvnxmdmfha has been deposited to box 4
item qizkhi has been deposited to box 4
item timitdkxiksxjecw has been deposited to box 4
item abhslievqvwcqeqaz has been deposited to box 4
item dwrbgxdcjpalshgepkz has been deposited to box 4
item lxcbxdwjccgtdoqi has been deposited to box 4
item spqzvuqivzptl has been deposited to box 4
item oynyapgvs has been deposited to box 4
oynyapgvs
oynyapgvs
item xipqzeqvlqmuoubbjbrp is being held
item nxnjyeeltzaizniccozwknwy has been deposited to box 4
item pqlwfkjqipuuj has been deposited to box 4
item xlbznryjdo has been deposited to box 4
item ghmyuiggtyqjtmuqin has been deposited to box 5
item mihntkddnalwnms has been deposited to box 5
item esvjtdhvtjmexfqbvufdpax has been deposited to box 5
item xzjywumbff is already in storage
item luqtu is already in storage
item ermrnyuqnwbjjpdjhd is now being held
item xipqzeqvlqmuoubbjbrp has been deposited to box 5
item esvjtdhvtjmexfqbvufdpax is already in storage
item xclqqedqavdwzoiorr is now being held
item yrhlsrdg has been deposited to box 5
item uvtmzz has been deposited to box 5
item fvtvfioygkveder has been deposited to box 5
item dneghbctcbxdxezrzgbpfhz has been deposited to box 5
item feccbgqfmzjqtlrsppxqiy has been deposited to box 5
item bspefujlxnmddur has been deposited to box 5
item yobqfspvcoulcvdrzkmkw has been deposited to box 5
item zkwsqoi is already in storage
item hrgytzdnobqcv has been deposited to box 5
item lyzedi is already in storage
item lyzedi is already in storage
item caniewqm has been deposited to box 6
item jwpym has been deposited to box 6
item luxedvyw has been deposited to box 6
oynyapgvs
item otpusfgiestckrpa has been deposited to box 6
item dktdjizy is in box 2
item ubiyrrffmwaeei has been deposited to box 6
item qnswaxgnjwdxbuus is already in storage
item phkfl has been deposited to box 6
item svtdwludsgaun has been deposited to box 6
item oihbxifoprwcjz has been deposited to box 6
item ngtacwtjypweuxvegybogsfx has been deposited to box 6
item pbompufpxckicaghufczmac has been deposited to box 6
item igmrqcteqkbwbaa has been deposited to box 6
item oqlivnjjoom has been deposited to box 6
item cznvdgztqarsargkw has been deposited to box 7
item ohletjqpopdjslko does not exist
item fynzeava has been deposited to box 7
item dwrbgxdcjpalshgepkz is in box 4
item xipqzeqvlqmuoubbjbrp is already in storage
item lyzedi is already in storage
item xblhppuunkttk has been deposited to box 7
item vanuuvj has been deposited to box 7
item mvvuvsvhzkyw has been deposited to box 7
item chqvdcq has been deposited to box 7
item zmxwneikzfgta has been deposited to box 7
item lpwzvahn has been deposited to box 7
item lpfaotxngexrfczz has been deposited to box 7
oynyapgvs
item lobiok has been deposited to box 7
item kxlrxblvotzom has been deposited to box 7
item ftxzlzkbcsqm has been deposited to box 7
item xipqzeqvlqmuoubbjbrp is already in storage
item zyeupyvdkbtwhpvgcwteyl has been deposited to box 8
item yubxruws has been deposited to box 8
item xipqzeqvlqmuoubbjbrp is in box 5
item rhfawdibzbfypdksbhtaapzs has been deposited to box 8
item njpzcxecvjmwjqdj has been deposited to box 8
item zjcukf has been deposited to box 8
item acbpnsoppvtl has been deposited to box 8
item esvjtdhvtjmexfqbvufdpax is in box 5
item fvuefyyrd has been deposited to box 8
item jegbsypjomfbrnkilzhs has been deposited to box 8
item czwtdfvirbosvmjfcymdrzq has been deposited to box 8
item lyzedi is in box 1
item aojyjofeyw has been deposited to box 8
item dackdaw has been deposited to box 8
item ysjqzncipt has been deposited to box 8
item jtjhrtvkwwojbqhjjfkbo has been deposited to box 9
item luqtu is already in storage
item ihcsanbtgxdcttnu has been deposited to box 9
item scrwqtyuynmxwvbqxorquo has been deposited to box 9
item pmdzjlrlcncyoywbmvzhxp has been deposited to box 9
item vivthfivkh has been deposited to box 9
item qaquyetwifth has been deposited to box 9
item lyzedi is already in storage
item qbhxiqsvz has been deposited to box 9
item uvtmzz is in box 5
item zfqjnmt has been deposited to box 9
item lyzedi is already in storage
item xipqzeqvlqmuoubbjbrp is already in storage
item kjuhltznluiyokfh has been deposited to box 9
item gqmeaogrqsdmzohydtuo does not exist
item yysttlknmqdyvdpbxf has been deposited to box 9
