item ovyddwyvvburczmgyjg is now being held
item vtnunneslsplwuiu is now being held
item vtnunneslsplwuiu is already being held
item vtnunneslsplwuiu is already being held
item ovyddwyvvburczmgyjg is being held
item ovyddwyvvburczmgyjg is already being held
item vtnunneslsplwuiu is already being held
item ovyddwyvvburczmgyjg is already being held
item vegurfwcsfmoxeqmrjowrgh does not exist
item bmeahkg does not exist
item aehhsveymqpxhlrnunyfdzrh is now being held
item aehhsveymqpxhlrnunyfdzrh is being held
item ovyddwyvvburczmgyjg has been deposited to box 1
item ubutpnimuwfjqsjxvkqdo is now being held
item vrwctdsn has been deposited to box 1
item vbpkxlpgdirbfcr has been deposited to box 1
item fpgynkrrefxsnvucf has been deposited to box 1
item ctgtwmxnupycfgcuq has been deposited to box 1
item blmoiitncklef has been deposited to box 1
item exrampetvhqnddjeqvuy has been deposited to box 1
item kazqfrpjvoaxdpcwmjobms has been deposited to box 1
item ovyddwyvvburczmgyjg is in box 1
item ewxgxnnofwltwjwnnvbw has been deposited to box 1
item dmeouuzhyvhgvwujb has been deposited to box 1
item pitcvograiddvhrrdsycqh has been deposited to box 1
item ewhxtembaqwqwpqhs has been deposited to box 1
item nvfgvjwd has been deposited to box 1
item afqzzxlcxdzncqgjla has been deposited to box 2
item kvxfgvicetcmkbljopgtqv has been deposited to box 2
item gsdvivhe has been deposited to box 2
item qxmwrqi has been deposited to box 2
item mhlubbrykthe has been deposited to box 2
cannot hold any more items
item bdeyqcrgluaiihv has been deposited to box 2
item ovyddwyvvburczmgyjg is already in storage
item qopubjguxhxdipfz has been deposited to box 2
item vtnunneslsplwuiu is being held
item vtnunneslsplwuiu is being held
item jzharvrlyauuzdrcnj has been deposited to box 2
item clffrkeecbpd has been deposited to box 2
item fhidjcxjhrnxcxmjc has been deposited to box 2
item qanxdrmgze has been deposited to box 2
item lmwpmhwdvthsfqueeexgruji has been deposited to box 2
item mvrzgfwvrftwapdtutp has been deposited to box 2
item ygnsrx has been deposited to box 3
item ngcomikjzsdwss has been deposited to box 3
item vdruypc has been deposited to box 3
item lkfuzmxnafame has been deposited to box 3
item kjcazxdrtdgyrqscczybn has been deposited to box 3
item vtnunneslsplwuiu has been deposited to box 3
item ovyddwyvvburczmgyjg is already in storage
item cnvbmasidzgwraatzzwp is now being held
cannot hold any more items
item ncvkelhhzjchpdn has been deposited to box 3
pitcvograiddvhrrdsycqh
item pnlgjznkewwuysgefonexpmm has been deposited to box 3
item opmdgzqmkqzxuvtqv has been deposited to box 3
item slqzkglzamzp has been deposited to box 3
item jolvy has been deposited to box 3
item cnvbmasidzgwraatzzwp has been deposited to box 3
item gnrbaiakqllszkhfzconn is now being held
item aehhsveymqpxhlrnunyfdzrh is already being held
item vtnunneslsplwuiu is in box 3
item mouwqho has been deposited to box 3
item cfohesyshmg has been deposited to box 4
mouwqho
item nojdjftqtw does not exist
item gnrbaiakqllszkhfzconn has been deposited to box 4
item ovyddwyvvburczmgyjg is in box 1
item wspslgv is now being held
item aqbdbgwtbseettwdn has been deposited to box 4
item yjvpdjxyuz has been deposited to box 4
item tatbzpctthoofremg has been deposited to box 4
item vtnunneslsplwuiu is in box 3
item zvgbofthgojhdnaywpn has been deposited to box 4
item oraaibedne has been deposited to box 4
item pdawlohssvtqtkfvsyljzl has been deposited to box 4
item xswyqdntdmfrt has been deposited to box 4
item sekejhzksklfepxchvczy has been deposited to box 4
item gcxbbi has been deposited to box 4
item lzifktmoi does not exist
item ovyddwyvvburczmgyjg is already in storage
item gpojxqiysr has been deposited to box 4
tatbzpctthoofremg
item djqnqcgdqrnll has been deposited to box 4
item azvmwnuufnnxvloyv has been deposited to box 5
item iuqandlyav has been deposited to box 5
item vtnunneslsplwuiu is in box 3
item lnvacsvpiumo has been deposited to box 5
item swkqwgxyaz does not exist
item naikameybnuqbcqaggxach has been deposited to box 5
item jzharvrlyauuzdrcnj is already in storage
item lfotpqh has been deposited to box 5
item mmqmvxjvbsoaifz does not exist
tatbzpctthoofremg
item cberrnmixxsyjhovengbpyqr has been deposited to box 5
item gwdrygxrxkf has been deposited to box 5
item vtnunneslsplwuiu is already in storage
item wilkqmbpeszdigznzxtz has been deposited to box 5
item ycbmja does not exist
item azvmwnuufnnxvloyv is already in storage
item pfduplu has been deposited to box 5
item xmkpvgrrgtus has been deposited to box 5
item ageltkcapwpbqromqawixezq has been deposited to box 5
item fbhwcocpjmrmbpbe has been deposited to box 5
