item nmfjmqbvkgpferlqwupbpik is now being held
item eiusqigvtsouoyc is now being held
item wrxsmowdyguzubhptaza is now being held
item loikroqamjxhvndallxkf is now being held
item ttvvrpq is now being held
item gzdqy does not exist
item yanifldeezbcstswzsn does not exist
item loikroqamjxhvndallxkf has been deposited to box 1
item eiusqigvtsouoyc is being held
item nrgngqurtyx is now being held
item rlumyuvvrjjohm does not exist
item ttvvrpq is already being held
item encbiedu does not exist
item loikroqamjxhvndallxkf has been withdrawn
item wrxsmowdyguzubhptaza is already being held
item wvasphwyuoayb does not exist
item nmfjmqbvkgpferlqwupbpik is already being held
item wrxsmowdyguzubhptaza is already being held
item wrxsmowdyguzubhptaza is already being held
item fmvdmnuvjtpzvpczqohxuq does not exist
item elgckmofrc does not exist
item loikroqamjxhvndallxkf is already being held
item dicwyjvsbxetkierlqfb does not exist
item jbyqqgrtrurpfm does not exist
item ttvvrpq is already being held
nrgngqurtyx
item wrxsmowdyguzubhptaza is already being held
item eiusqigvtsouoyc is already being held
item nmfjmqbvkgpferlqwupbpik is already being held
item ngqjxgokqxvgarejgqkadhuu does not exist
item tbqgjhpgpgsfdolffrqmhb does not exist
item gklxdeywnhfepu does not exist
item ttvvrpq is already being held
item wrxsmowdyguzubhptaza is already being held
item loikroqamjxhvndallxkf is already being held
item nrgngqurtyx is already being held
item dtidpxmucbqoj does not exist
item loikroqamjxhvndallxkf is already being held
item nmfjmqbvkgpferlqwupbpik is already being held
item ttvvrpq is already being held
item nrgngqurtyx is already being held
item cmptjbqnf is now being held
nrgngqurtyx
item jskluzuwstd does not exist
item cmptjbqnf has been deposited to box 1
item yuloiqum is now being held
item ecnnuzbpz has been deposited to box 1
item oqvliawsat has been deposited to box 1
item tkpzhlejytfa has been deposited to box 1
item rjugcptmrs has been deposited to box 1
item hhoaudcboimpdrpaqqrz has been deposited to box 1
item dtqvlu has been deposited to box 1
item ymgspitfshw has been deposited to box 1
item eiusqigvtsouoyc is being held
item qrnvvilstiirmgduyuftzxaw has been deposited to box 1
item rrphjiwffgszzcisqoxl has been deposited to box 1
item kqnloloaehrltzjahpsgqxo has been deposited to box 1
item hywyogrethphhtrahkcs has been deposited to box 1
item gpcdgnr has been deposited to box 1
item oqvliawsat is already in storage
item kjxbshwlh has been deposited to box 1
item yjskqkmtqbkdycovidnu has been deposited to box 2
item rrphjiwffgszzcisqoxl is already in storage
item zukzdfjtpxph has been deposited to box 2
item zbawlfjfuvcfpwbqxvcyzhh has been deposited to box 2
item jhhltgoteaznhvl has been deposited to box 2
item oqvliawsat is in box 1
item sfacoucwekerfmfzrhagpxrb has been deposited to box 2
item ajsbez has been deposited to box 2
item wklcupva has been deposited to box 2
item viddxaxazqlbcd has been deposited to box 2
item goreacixudzyeavofanfx has been deposited to box 2
item qrnvvilstiirmgduyuftzxaw is in box 1
item aftqy has been deposited to box 2
item ttvvrpq has been deposited to box 2
nrgngqurtyx
item fvusctfijd does not exist
item ttvvrpq is already in storage
item bxnbqsjfqwup is now being held
item miwtt does not exist
item lnfruvtsiuiafprbjgpuql has been deposited to box 2
item krsdyronxiisbacxkdczwd has been deposited to box 2
item fughpftgxz has been deposited to box 2
item uoxegagixsnbujff has been deposited to box 3
nrgngqurtyx
item nrgngqurtyx is being held
item imnrddnrcuzdaka has been deposited to box 3
item njjsangmxbo has been deposited to box 3
item ahpekexmyzrzjsu has been deposited to box 3
item rfduujgrkuddsfkjjw has been deposited to box 3
item oiaptulb has been deposited to box 3
nrgngqurtyx
item prgvksqnwktiwe has been deposited to box 3
nrgngqurtyx
item zsusnfu has been deposited to box 3
nrgngqurtyx
item gygbjatywgthcamqpc has been deposited to box 3
item mjjufpuwwteubif has been deposited to box 3
item ajzhnzvdrxyismt has been deposited to box 3
item nmfjmqbvkgpferlqwupbpik has been deposited to box 3
item yclzksdnwgzypmxlsqisa is now being held
item glvapurnyepkwuavaztqnsb has been deposited to box 3
item zjoefurc has been deposited to box 3
item ttvvrpq is in box 2
item liqfklileyywbihmhtanyw has been deposited to box 4
item nakjzewjudthlenlfl has been deposited to box 4
item bumdimco has been deposited to box 4
item rhmrlk has been deposited to box 4
item wqdafphrfumgrakzmmpcl has been deposited to box 4
item hmgsnpilgllncte has been deposited to box 4
item qgschfoxjbqcuzrcrerbrzp has been deposited to box 4
item xtbpmsveudjlcsmuxitoknue has been deposited to box 4
item dpsxpmaeyubepgociiqehb has been deposited to box 4
item ltrbgxfypepdevdzwi has been deposited to box 4
item ungksqlqnzdjqepnlpfrekw has been deposited to box 4
item bwjqetiu does not exist
item kidtykkoxavpefngvketzfp has been deposited to box 4
item dgqkgasmvtygjxiemmj has been deposited to box 4
item lyakfsudoyjekrhffcyd has been deposited to box 4
item snphyrdfcciphajkojvsun has been deposited to box 5
item ezyqibl has been deposited to box 5
item vjxbobjdjjovzyr has been deposited to box 5
item ttvvrpq is already in storage
item swraxexqyszyvnzgsi has been deposited to box 5
item qjxkdbfwzeq has been deposited to box 5
item xcpnchpafcclx has been deposited to box 5
item qtpndsq has been deposited to box 5
item qgqoyns has been deposited to box 5
item wsxbwznvlsb has been deposited to box 5
item ttmkdce has been deposited to box 5
item iijaxowug has been deposited to box 5
item ukageeksyd has been deposited to box 5
item ontiansizuin has been deposited to box 5
item nrgngqurtyx is being held
item ofnslzkkcv has been deposited to box 5
item knukdpvcj has been deposited to box 6
item hppiuyyalrlmbxqzs has been deposited to box 6
item yhpbwmdg has been deposited to box 6
item jixhikawwctn does not exist
item xotvvkwsxbaoyipmiaufjfq has been deposited to box 6
item oybtmzhfwestwpuwfuhwipy has been deposited to box 6
item wrxsmowdyguzubhptaza is being held
item edafmhcqzxpqrnyouuwlvbif does not exist
item bcbnqisspezrwbq has been deposited to box 6
item bryvo has been deposited to box 6
item ytonrpqveidwau has been deposited to box 6
item ycemw has been deposited to box 6
item mkbjvkjoaw has been deposited to box 6
item dvwirwc has been deposited to box 6
item uaviylxmyhpjfcstcqbufep has been deposited to box 6
item wrxsmowdyguzubhptaza is being held
item nmfjmqbvkgpferlqwupbpik is in box 3
item izqfnqpczugtn has been deposited to box 6
item fovwqkfqbmqimqpvrfae has been deposited to box 6
item ulppbays has been deposited to box 7
item efzlxcxnnkdcfvjhbezkam has been deposited to box 7
item enhkczqjabgdztsj has been deposited to box 7
item gygbjatywgthcamqpc is in box 3
item yijlmaaqpkculsdlwkqvdi has been deposited to box 7
item ywjvuswedjs has been deposited to box 7
item vvnpihs has been deposited to box 7
item myixg has been deposited to box 7
item jncffyllh has been deposited to box 7
item nnqacyi has been deposited to box 7
item bjmjguujzdwdkebv has been deposited to box 7
item nmfjmqbvkgpferlqwupbpik is already in storage
item soztyynjawxjes has been deposited to box 7
item uszpjjptldqgtrzrqoc does not exist
item efzlxcxnnkdcfvjhbezkam is in box 7
item nrgngqurtyx is being held
item lomkfwtvpgahmtynkqemi has been deposited to box 7
item nrgngqurtyx has been deposited to box 7
item xoikcuuispfjwhqkapymhca is now being held
item cdzvrz has been deposited to box 7
item oygyqvfatmseoh has been deposited to box 8
item iahdrjgt has been deposited to box 8
qtpndsq
item fhzlfsjm has been deposited to box 8
item wmonupu does not exist
item deblevcfdkhorbzevec has been deposited to box 8
item fzfutworhtxiebgjijtrzk has been deposited to box 8
item pfvzrmgqtbmsrfzlcjrdpan has been deposited to box 8
item cizdypitqzhysbzettjs has been deposited to box 8
item xstafvxkxfmaeb has been deposited to box 8
item khpciridmtxsgaryvtfrrs has been deposited to box 8
item pchzcajjrntivyuqvoyxgyt has been deposited to box 8
item viddxaxazqlbcd is in box 2
item ptjpvjaga has been deposited to box 8
item lzhewwcueb has been deposited to box 8
item xydxphpiqggbgobwso has been deposited to box 8
item oquqkarzfyyfdxukmfasldb has been deposited to box 8
item tvhntxdpopphqxgqejnbwcgy has been deposited to box 9
item xujvqgedacirszjzrihhmtu has been deposited to box 9
item tptmr has been deposited to box 9
item nzjuely has been deposited to box 9
item nlretbliuhvlgra has been deposited to box 9
item rowhnfbrszfvrsiiwejjmfr has been deposited to box 9
cannot hold any more items
item prunykv has been deposited to box 9
item clitdtccxnnlve has been deposited to box 9
