item qastv is now being held
item ahpsdifnxrfbqaghd is now being held
item hhsxhntdcct is now being held
item upqzeqsjrkmzrphfo is now being held
item vjdxnwbzhvqzwuprg does not exist
item tjpazfritpfes does not exist
item rxekxcgmtmvvgfqqw does not exist
item upqzeqsjrkmzrphfo is already being held
item dukvlqpkuzjzhwsutp does not exist
item qastv is already being held
item jhammegwbtpqelrnkb does not exist
item qastv is already being held
item seccinlizyogwqzlifxcthd does not exist
item tltanviajsch does not exist
item hhsxhntdcct is already being held
item hhsxhntdcct is already being held
item msmmhvodihdvfnxofbxmlclx does not exist
item acjpwxbeurhcbmzgzw does not exist
item zeivxygaappzosdikkml does not exist
item upqzeqsjrkmzrphfo is already being held
item ahpsdifnxrfbqaghd is already being held
item hhsxhntdcct is already being held
item epehgvgvqjfavsntf does not exist
hhsxhntdcct
item upqzeqsjrkmzrphfo is already being held
item znfdcmkkhshx does not exist
item qastv is already being held
item ahpsdifnxrfbqaghd is already being held
item fbobwrcvehbitn does not exist
item acjpeiysbmrnoqssfvo is now being held
item eglmaygfgihqznazg has been deposited to box 1
item upqzeqsjrkmzrphfo has been deposited to box 1
item uudjucvyj is now being held
item ivqpdz has been deposited to box 1
item hevksudvjlrgrcavxzehlrqg has been deposited to box 1
item jqtyzzt has been deposited to box 1
jqtyzzt
item hhsxhntdcct has been deposited to box 1
item tjfqiexqroiayrojh is now being held
item iarcp has been deposited to box 1
item iysdhz has been deposited to box 1
item qhwhpyfioopxxvgxni has been deposited to box 1
item bdatgjszazsiwzzweiluxir has been deposited to box 1
item kzefbhiddqmxrmxjwtiwr has been deposited to box 1
item acjpeiysbmrnoqssfvo has been deposited to box 1
item adtkczpfhzik is now being held
item hjgqfbbbtrhvcn has been deposited to box 1
item mbaqapyjrgvg has been deposited to box 2
item mlirnjvgaede has been deposited to box 2
item acjpeiysbmrnoqssfvo is in box 1
item snaqzrzuacbpqnxjciekll has been deposited to box 2
item dbpfoyyczqdspxstb has been deposited to box 2
item jtsuzcfkrwrxygcmfaqgtty has been deposited to box 2
item eudnkmgegginsb has been deposited to box 2
item ksbyx has been deposited to box 2
item wkfhfylzbalqjpyrxmjzyv has been deposited to box 2
item yimezramyj has been deposited to box 2
item taxesgurxtfiudfspssxgwz has been deposited to box 2
item ykevhxxgeqmahltovorbiivc has been deposited to box 2
item ivqpdz is already in storage
item kaytxwzdondv has been deposited to box 2
item wpczxkwzra has been deposited to box 2
item hhsxhntdcct is already in storage
item vggtei has been deposited to box 3
item cpwdausevr has been deposited to box 3
item jstjwxffkal has been deposited to box 3
item bulyyaudcqvg has been deposited to box 3
item xbpvzwalxogufhotiot does not exist
ykevhxxgeqmahltovorbiivc
item oeicbnlj has been deposited to box 3
item acjpeiysbmrnoqssfvo is in box 1
item bwwhq has been deposited to box 3
item wzxsfpqadujixyti has been deposited to box 3
item qziaaewjwccfyd has been deposited to box 3
item zduhct does not exist
item wlexnkvwizzoy does not exist
item qlnzxoetyioavsorrbvoqflp has been deposited to box 3
item gluzdgo has been deposited to box 3
item kaatpdo has been deposited to box 3
item axdqnlc has been deposited to box 3
item uhapgfxwkcaucbnrge has been deposited to box 3
item dypuo has been deposited to box 4
item kaatpdo is already in storage
item boedrbhuqbauedghc does not exist
item upqzeqsjrkmzrphfo is already in storage
item eoboffjcgzglqjvkawmucqd has been deposited to box 4
item pmbqyfhcwmhfoogxzxgu has been deposited to box 4
item upqzeqsjrkmzrphfo is already in storage
item iigjzumpu has been deposited to box 4
item snezdufctcj has been deposited to box 4
item ahpsdifnxrfbqaghd has been deposited to box 4
item epqyehsyirqvxryrwb does not exist
item fpzeyvkrzajzesteak does not exist
item wkfhfylzbalqjpyrxmjzyv has been withdrawn
item lznmnrbuicygxjxyl has been deposited to box 2
item btvbdrzngx has been deposited to box 4
item cglujfcmellpk has been deposited to box 4
item ltueqvkjuxprmi has been deposited to box 4
item ajyin has been deposited to box 4
item jtsuzcfkrwrxygcmfaqgtty is already in storage
item evayzqtlzqiojxybmndxllmx has been deposited to box 4
item cwgjadjaebvqalaqxxpyjed has been deposited to box 4
item vooimtgucixoie has been deposited to box 4
item srwkqubqfftqwin has been deposited to box 5
item zsdtwltmvxeatytr has been deposited to box 5
item kbtpvlofyaetzwyttlof has been deposited to box 5
item kghexspletgvqrjvpk has been deposited to box 5
item yietvs has been deposited to box 5
item knlutlojyseenuxxpo has been deposited to box 5
item sqixldpkivxvitpvhatbe has been deposited to box 5
ykevhxxgeqmahltovorbiivc
item pkwjkpbummzd has been deposited to box 5
item yflrugawcbabray has been deposited to box 5
item dcxsdrgsrmrampfzibgkxin has been deposited to box 5
item bjntwrvtlbmst has been deposited to box 5
cannot hold any more items
item slpavokk has been deposited to box 5
item phekf has been deposited to box 5
item ahpsdifnxrfbqaghd is in box 4
item eugqcbt has been deposited to box 6
item gvdxfnlcdajjnqgvqpe has been deposited to box 6
item zaabbtswbbteyatlc has been deposited to box 6
item iaeovvdbaxl has been deposited to box 6
item cygwwhzpnzpgkr has been deposited to box 6
item ahpsdifnxrfbqaghd is already in storage
item hhsxhntdcct is already in storage
item lelkbwobfkxmkm has been deposited to box 6
item iwupwccw has been deposited to box 6
item znwmrhyufmvky has been deposited to box 6
item gbuhlsdbofdmxjj has been deposited to box 6
item kroiltuievcf has been deposited to box 6
item acjpeiysbmrnoqssfvo is already in storage
item vuhcaucldakkldyvprszxnec has been deposited to box 6
item ugendavhapjmukyex has been deposited to box 6
item utmutzyvumi has been deposited to box 6
item bxmwfpnodhadn has been deposited to box 7
item sblevegvbahlqcxrzm has been deposited to box 7
item fvgpvjcvpupqfvnl has been deposited to box 7
vuhcaucldakkldyvprszxnec
item atuznvldcoi has been deposited to box 7
item qastv has been deposited to box 7
item vwelbc is now being held
item ahpsdifnxrfbqaghd is already in storage
item ecxgpttuviduecokeefa has been deposited to box 7
item ottsfabigfgmxbgryq has been deposited to box 7
item acjpeiysbmrnoqssfvo is already in storage
cannot hold any more items
item npvjhcjklps has been deposited to box 7
item uiguydouewzj has been deposited to box 7
item mmhbkqlm has been deposited to box 7
item opssgmcnicswxwtwheibqvit has been deposited to box 7
item vzevptnicck has been deposited to box 7
ottsfabigfgmxbgryq
item mhakogspypzrwx has been deposited to box 7
item upqzeqsjrkmzrphfo is in box 1
item ewzgiqtxzcjg has been deposited to box 8
item kmmkbobanbumdladpycygtrg has been deposited to box 8
item dzlajzov has been deposited to box 8
item upqzeqsjrkmzrphfo is in box 1
item ahpsdifnxrfbqaghd is in box 4
item ibclzkgsqanifmtfxsusuyq has been deposited to box 8
item hhsxhntdcct is in box 1
item wgkatllbfdesljggpdalxv has been deposited to box 8
item ygvqe has been deposited to box 8
item spgdc has been deposited to box 8
item xiaonazkxi does not exist
item bkzqws does not exist
item xiogodkjatlqiop has been deposited to box 8
item tjkzcllbbhthorpez has been deposited to box 8
item qkecapqsidubmecoqnsrulak has been deposited to box 8
item fyyrp has been deposited to box 8
item kkheum has been deposited to box 8
item dzpvmhmj has been deposited to box 8
item bgkhfk has been deposited to box 9
cannot hold any more items
item wjcijajmbzjqi has been deposited to box 9
item nuhtgoaqmukhjrpfauoj has been deposited to box 9
item xyhnjfooslxorlokzlw has been deposited to box 9
item upqzeqsjrkmzrphfo is already in storage
item qzqpzqqifzoupifnw has been deposited to box 9
item acjpeiysbmrnoqssfvo is in box 1
item acjpeiysbmrnoqssfvo is in box 1
item ukgklyckqsswtisk has been deposited to box 9
item pzackccrlxnwrxecifeu has been deposited to box 9
item rrxlbqkb has been deposited to box 9
item kufpnsmaqd has been deposited to box 9
item kanfxluperciinlqxoctvrin has been deposited to box 9
item jkaqvcgaaruryntivi has been deposited to box 9
item jqcghktnvywfbocfuchoya has been deposited to box 9
item acjpeiysbmrnoqssfvo is already in storage
item xoapqiwbblwbjdeygksktiju has been deposited to box 9
item siwjhklwbtvcw has been deposited to box 10
cannot hold any more items
item qastv is in box 7
item kthgpgwkostwfhsgapkzwmz has been deposited to box 10
item efwofihmozumjkge has been deposited to box 10
item dtosfnoroclt has been deposited to box 10
item hhsxhntdcct is already in storage
item lrdhdormt has been deposited to box 10
item ftuxyho has been deposited to box 10
