item iddzvznvlkxp is now being held
item ivfbzja is now being held
item jfjxjgholjllyh is now being held
item iddzvznvlkxp is being held
item nexqdisshfbnpayximjt is now being held
item hsbniiwx is now being held
item ogfhyomabdazbkokdmgwtyx is now being held
item jcuqjbo does not exist
item rbudpe does not exist
item mfylfitnobra is now being held
item iddzvznvlkxp is already being held
item vryouvrl is now being held
item ogoblwwamyrmgeexvjn has been deposited to box 1
item buyyn has been deposited to box 1
item znwnqjlnj has been deposited to box 1
item otiuq has been deposited to box 1
item gljjhjhx has been deposited to box 1
item twjinsvadxnfngnhytncay has been deposited to box 1
item xtfrasnwbxlvtly has been deposited to box 1
item fgumhqzjqa has been deposited to box 1
item vwppyjcxmzihuuhmworfi has been deposited to box 1
item hvqhtutrskgrtkofj has been deposited to box 1
item jfjxjgholjllyh is being held
item jmuusguz has been deposited to box 1
item yhcrbnxsijio has been deposited to box 1
item bzavojhkf has been deposited to box 1
item bvnkw has been deposited to box 2
item iddzvznvlkxp is already being held
item waarhcuhc has been deposited to box 2
item xktzcvaai has been deposited to box 2
item ylgay has been deposited to box 2
item mfylfitnobra has been deposited to box 2
item qlptbojyycxbyzdijbpimvk is now being held
item kvkadalsv has been deposited to box 2
item pfjoiholrxmihbftoar has been deposited to box 2
item azeoub has been deposited to box 2
item tkpityygpvvafwfymgs has been deposited to box 2
item iddzvznvlkxp has been deposited to box 2
item xdjclencogamorkjrph is now being held
item fjhjfymiemnpoyubak has been deposited to box 2
kvkadalsv
item jfjxjgholjllyh has been deposited to box 2
item topotzycgyrocdcstcovf is now being held
item xghgsxgnnybhzblfbcve has been deposited to box 2
item bemyjkesi has been deposited to box 3
item fzxsmxvvwxhdylaev has been deposited to box 3
item eowpbajlnlbskamzxiuthdy has been deposited to box 3
item mkzoiffewggftwruqdxd has been deposited to box 3
item hsbniiwx has been deposited to box 3
item obrnndoelvjrrrazkwqgo is now being held
item wyevqyveanupskte has been deposited to box 3
item zvxyfvqmmkrfipkdfkammpie has been deposited to box 3
item maclczlc has been deposited to box 3
item tsfkypcksjwsxlifpq has been deposited to box 3
item qlptbojyycxbyzdijbpimvk is being held
kvkadalsv
item jfjxjgholjllyh is in box 2
item dlgdckpuuoorz has been deposited to box 3
item qzgwbzo has been deposited to box 3
item tubzqhmwk has been deposited to box 3
item kdqywpzvhrwpoaqekjudf has been deposited to box 3
item mfylfitnobra is in box 2
item xghgsxgnnybhzblfbcve is already in storage
item jmcanajfyzvypzibtngtrca has been deposited to box 4
item nexqdisshfbnpayximjt has been deposited to box 4
item fxojzdljimkd is now being held
item vaykjtcnuljmzkzar has been deposited to box 4
kvkadalsv
item olcavimum has been deposited to box 4
item uggyv has been deposited to box 4
item okqpl has been deposited to box 4
item bbadwi does not exist
kvkadalsv
item buyyn is already in storage
item vurjah has been deposited to box 4
item fjhjfymiemnpoyubak is in box 2
item edofdudnmymnpvnrmklfto has been deposited to box 4
item ktizbxdfllkhoatmmjejwvx has been deposited to box 4
item ayspf has been deposited to box 4
item fkmjrzwbhm has been deposited to box 4
item nexqdisshfbnpayximjt is in box 4
item hczokdqlxfqcnfh has been deposited to box 4
item oqqszdvacnljpvl has been deposited to box 4
item ubisgawvfftyaj has been deposited to box 5
item qtzsxoggdb has been deposited to box 5
item tpndj has been deposited to box 5
item qlmjkmvdfytyzoynugtxapjv has been deposited to box 5
item jfjxjgholjllyh is already in storage
item jqlvczsfeqafsodhk has been deposited to box 5
item lqqgwofojjmtzzqbzigfajms has been deposited to box 5
item ibcrouivtycjknvdnxtqy has been deposited to box 5
item diqyhharkejbztwutaddna has been deposited to box 5
item hvqhtutrskgrtkofj is already in storage
item bmetklc has been deposited to box 5
item oqqpjojeqoifrqiqwfoc has been deposited to box 5
item fkasomzdbpv has been deposited to box 5
item jfjxjgholjllyh is already in storage
item nhlfrcbwqgxhwctxwhjwnml has been deposited to box 5
item ujtvdicpnttrrjzosvslu has been deposited to box 5
item nhsaqzomihhopmfff has been deposited to box 6
item jxnbsg has been deposited to box 6
item itmqloilduvk has been deposited to box 6
item nsfvqdubahcupsh has been deposited to box 6
item crqrz has been deposited to box 6
item aewogmglhxqbyq has been deposited to box 6
item axuqyztrrksuenwkmkryrefq has been deposited to box 6
item ogfhyomabdazbkokdmgwtyx has been deposited to box 6
item utxlrwelnqdju is now being held
item dsxdjekzzsp has been deposited to box 6
item phemuv has been deposited to box 6
item zqmim has been deposited to box 6
item khsnqwxrxrhlf has been deposited to box 6
item ogfhyomabdazbkokdmgwtyx is already in storage
kvkadalsv
item exyqhkxxfhg has been deposited to box 6
item iddzvznvlkxp is in box 2
item mzfrtigty has been deposited to box 7
item ztwxlgkifpplmlkjgd has been deposited to box 7
item ilasrtriiqh has been deposited to box 7
item ouqwzfnntyzcgefyjqk has been deposited to box 7
kvkadalsv
item jfjxjgholjllyh is already in storage
item sibjerh has been deposited to box 7
item tsvsvexa has been deposited to box 7
item otbux has been deposited to box 7
item ychifsowzuvwn has been deposited to box 7
item lyhlcpgtkjnhnwwnyfv has been deposited to box 7
item cygzxwnteyr has been deposited to box 7
item mfylfitnobra is already in storage
item bdvqa has been deposited to box 7
item ibcrouivtycjknvdnxtqy is already in storage
item kaujzqzswz has been deposited to box 7
item enfvbiywbasfbugjuutwqe has been deposited to box 7
item ivfbzja has been deposited to box 8
item lqeyyzzgaxh is now being held
item dmxoithejobprotumen has been deposited to box 8
item sftseduwra has been deposited to box 8
item iddzvznvlkxp is already in storage
item hfpccd does not exist
item vmaptvhyyews has been deposited to box 8
item uasuakgzumqwotf has been deposited to box 8
item hglcpldthvzpdwpvqpizqclg has been deposited to box 8
item fgrznxmrnzuigpkxvgosyf has been deposited to box 8
item eidflgmrzngz has been deposited to box 8
item ivfbzja is already in storage
item kgdfotxnyakveva has been deposited to box 8
item yailghngv has been deposited to box 8
item ulazsqvpft has been deposited to box 8
item qtzsxoggdb is in box 5
item ahvkvcrkkoxlhtyjvsaqif has been deposited to box 8
item axkuhgwqbglfzvqn has been deposited to box 8
item oeejw has been deposited to box 9
item nlinnhzhofffhlsok has been deposited to box 9
kvkadalsv
item uzqalmimvxxdknkkwbrcg has been deposited to box 9
item paqvzbhtd has been deposited to box 9
item mdahdam has been deposited to box 9
item zjzrlhtbiidygccnyfn has been deposited to box 9
item zviexurkst has been deposited to box 9
item iddzvznvlkxp is already in storage
item jqniwsmlqralmbmjlqjfk has been deposited to box 9
item rurbvwnfobpmvbyluawicl has been deposited to box 9
item cvnyxsprjsmigtwjijeljrfl has been deposited to box 9
item ahdelarjxkbqttebbyak has been deposited to box 9
item uuhbfxrvxyabjav has been deposited to box 9
item wrarvctv has been deposited to box 9
item nwajdboau has been deposited to box 10
item ldenybmfxdgobkjwopcdl has been deposited to box 10
item aotvzybnxcbebfkr does not exist
item beiqhldlzttckwqfrpeue has been deposited to box 10
kvkadalsv
item nsovorzz has been deposited to box 10
item ogfhyomabdazbkokdmgwtyx is already in storage
item ogfhyomabdazbkokdmgwtyx is in box 6
item eowpbajlnlbskamzxiuthdy is in box 3
item ycfwiovxgks has been deposited to box 10
item wlcixyudnkuzqsdoweqb has been deposited to box 10
item yxykrxnktymdykabykxz has been deposited to box 10
item rnkhqnj has been deposited to box 10
item ivzfijyjwdhidkiok has been deposited to box 10
item oipyrhlapwixrhcc has been deposited to box 10
item ogfhyomabdazbkokdmgwtyx is already in storage
item zorqsfahdror does not exist
item nddhkijfkuvsoucucblvuda has been deposited to box 10
item mcwhiklorxwaciwybm has been deposited to box 10
item witrcytzm has been deposited to box 10
item vszhfnadlcfuadxm has been deposited to box 11
item umqmrphqbgbsevsnbfqgtu has been deposited to box 11
item rmhpoejcvxtmfjnnmg has been deposited to box 11
item hlfxraren has been deposited to box 11
item wkpcws has been deposited to box 11
item jaxzojhh has been deposited to box 11
item gonzpheevzetkvygp has been deposited to box 11
item hcaisjpbfwslmflbopgm has been deposited to box 11
item jfjxjgholjllyh is already in storage
item zbmckqeskpj has been deposited to box 11
item ogfhyomabdazbkokdmgwtyx is already in storage
item tvzkdlaptdyynzbbdlthfd has been deposited to box 11
kvkadalsv
item udpfym has been deposited to box 11
