item tbxkyuoehfkolyfxthwympsk is now being held
item ibsnutkhtev is now being held
item iznigkcohccywoo is now being held
item ycvfwbcuofepuowfqmouoord does not exist
item tdvapudkbzmgvclz is now being held
item omiaccqtvv is now being held
item omiaccqtvv is already being held
item fkvtqqvdrnk does not exist
item omiaccqtvv is already being held
item ibsnutkhtev is already being held
item omiaccqtvv is already being held
item csdwzpushmomgdy does not exist
item tdvapudkbzmgvclz is already being held
item iznigkcohccywoo is already being held
item cmyxoscnutjmcvcqd does not exist
item ocbremuaqs does not exist
item tneihzrvboy does not exist
item mvvpyovk does not exist
item adwcylgg does not exist
item iznigkcohccywoo is already being held
item ibsnutkhtev is already being held
item iznigkcohccywoo is already being held
item tdvapudkbzmgvclz is already being held
item iznigkcohccywoo is already being held
item omiaccqtvv is already being held
item qrpkyoajdpkllvhfeswz does not exist
item ibsnutkhtev is already being held
item nyuwqnlblbdw is now being held
iznigkcohccywoo
item ewjiohjqjqynjl has been deposited to box 1
item yxulag has been deposited to box 1
item rwlgbsfmcvwomfgmt has been deposited to box 1
item yfywzjyhycmpyxxbrc has been deposited to box 1
item kkmpq has been deposited to box 1
item xkgciectdjrhvghvgio has been deposited to box 1
item kkuycnymv has been deposited to box 1
item agicanorwladiilxsmhfwedy has been deposited to box 1
item tbxkyuoehfkolyfxthwympsk has been deposited to box 1
item csdfusvnognrrvfo is now being held
item vpdyowedmgoijilqeelsstfm has been deposited to box 1
item atkaobforctu has been deposited to box 1
item yktmayqnqkhxytarwvdyjfda has been deposited to box 1
item rywcyhxkjvcx has been deposited to box 1
item lnbnf has been deposited to box 1
item xspbuoiphimjhvgteew has been deposited to box 2
item hcajqhibugtj has been deposited to box 2
item rfgctploygteewvr has been deposited to box 2
xkgciectdjrhvghvgio
item bztxhohqe has been deposited to box 2
item nyuwqnlblbdw is being held
item zuefpiklg has been deposited to box 2
item viazktwrjfi has been deposited to box 2
item cdihjhdqosa has been deposited to box 2
item iznigkcohccywoo is being held
item ibsnutkhtev has been deposited to box 2
item yfywzjyhycmpyxxbrc is already in storage
item tjunlzvuleydvqdtwkx is now being held
item cpzuaafthzedorfm has been deposited to box 2
bztxhohqe
item nyuwqnlblbdw is being held
item bigvjf has been deposited to box 2
item awozcsouxaipsukgwipztvue does not exist
item giqgpregqhagdz has been deposited to box 2
item bfajdiyddtzhwvpgn has been deposited to box 2
item cexlgfofozvrgva has been deposited to box 2
item rlvsuspkydi has been deposited to box 2
item egwkokpcmkvuhvipv has been deposited to box 3
item jglmojyzogxyuhqwvctsmoa does not exist
item cfewbqfibuwnux has been deposited to box 3
item dvevtbynt has been deposited to box 3
item prwuvuvnbdrvcepzjswmn has been deposited to box 3
item divxubrjspdplacmetkiz has been deposited to box 3
item tfzihjr has been deposited to box 3
item knpdyhsdyfdbr has been deposited to box 3
item ryfbkagjjqscdlqnagqapkdo has been deposited to box 3
item ispmkptlattj has been deposited to box 3
item gorxbufruwdymsh has been deposited to box 3
item vplkiykbuwgfcowtlzns has been deposited to box 3
item prhsscheopebsyzagbpcwcbm does not exist
item wmrgpixwarajv has been deposited to box 3
item ssartgskkqomcjiaxzg has been deposited to box 3
item ljxmsudswv has been deposited to box 3
item gfgsq has been deposited to box 4
item bsmbpoi has been deposited to box 4
item qhmebhhu has been deposited to box 4
item espkahcyngbh has been deposited to box 4
item indgevprzq has been deposited to box 4
item kiiwkpyjfgmoapnjetrjog does not exist
item weajjrevzntkervlzhaaz has been deposited to box 4
item icqziupgyrrkiwfkjz has been deposited to box 4
item rbsabszqf has been deposited to box 4
item xarspz has been deposited to box 4
item yktmayqnqkhxytarwvdyjfda is in box 1
item ajbpbusvutpwmudnbcnuwe has been deposited to box 4
item nrhczmckntmjmjehz has been deposited to box 4
item fixjvrgbnvqamxcomgybcmlo has been deposited to box 4
item vrrqyznh has been deposited to box 4
item yskotzoxnagnbicoyafvvy has been deposited to box 4
item obglgtlagcvfqvssb has been deposited to box 5
item jkjjpegotukhvsudoh has been deposited to box 5
item bzbwttxcpkmztxqzeesarb has been deposited to box 5
item axfftqgsscnlbqclcbeb has been deposited to box 5
item nyuwqnlblbdw has been deposited to box 5
item cebzgagmuxuopxccasfmwi is now being held
item yfbzmsdtvezwlnqiiez has been deposited to box 5
item tbxkyuoehfkolyfxthwympsk is already in storage
cannot hold any more items
item nyuwqnlblbdw is in box 5
item prpukkzmgkzyuhd has been deposited to box 5
item rbsabszqf is in box 4
item mwjmpapmrjbmvl has been deposited to box 5
item xhsrqvkhjgfznyn has been deposited to box 5
item bkrnbaonybafvxooo has been deposited to box 5
item oujtvwt has been deposited to box 5
item jjpawtdmgbpjilgzbxgmxu has been deposited to box 5
item iznigkcohccywoo has been deposited to box 5
item tbxkyuoehfkolyfxthwympsk is already in storage
item iznigkcohccywoo is already in storage
item tbxkyuoehfkolyfxthwympsk is in box 1
item zspmaqpxwe is now being held
item yxulag is already in storage
item jbmhbvkxwqjhxlbpzbfpzct has been deposited to box 5
item qcmrqwvl does not exist
item jxesuptlqvrhuvasrkt has been deposited to box 6
item dydtwyhdsqaylwpekgzb has been deposited to box 6
item qnrajrouu has been deposited to box 6
item lxxospqqapgfzmgcb has been deposited to box 6
item omiaccqtvv has been deposited to box 6
item mitjxszjswzkn is now being held
bztxhohqe
item viudkwf has been deposited to box 6
item hjvusq has been deposited to box 6
item cadaanpsnfzwchsgtqlh has been deposited to box 6
item rgijylbjpbmrd has been deposited to box 6
item pmwnpffvayihgtyxbgjzumll has been deposited to box 6
item txkqow has been deposited to box 6
item wikzgtioogoppxqljb has been deposited to box 6
item tdvapudkbzmgvclz is being held
cannot hold any more items
item rzzzkyifjytpmkejcr has been deposited to box 6
bztxhohqe
item rohfavrdmqfn has been deposited to box 6
item howcgimmupeovulc has been deposited to box 7
item qcghiuaphcwfkndmtlbfhsjy has been deposited to box 7
item trlehokrygrpnvluhy has been deposited to box 7
item lxzspkqgqczhndqdphbvas has been deposited to box 7
item hfeezyryz has been deposited to box 7
item evzgui has been deposited to box 7
item xoiblltwhbdogjogdofpeqvz has been deposited to box 7
cannot hold any more items
item vmiwztsxctaq has been deposited to box 7
item jrvoibhdazfwzdszbgjzf has been deposited to box 7
item infaqtha has been deposited to box 7
item zuefpiklg is already in storage
item yfeyjyxkgijlmdqwswwk has been deposited to box 7
item cjfwqewadce has been deposited to box 7
item azmkkxy has been deposited to box 7
cannot hold any more items
item dwghhlgasca has been deposited to box 7
item tdvapudkbzmgvclz is being held
item tbxkyuoehfkolyfxthwympsk is already in storage
item vislcc has been deposited to box 8
item ibsnutkhtev is in box 2
item aquaizaffgdzsdt has been deposited to box 8
item lvrzxtyrpdivsinokxnkcts has been deposited to box 8
item inavknsdmpwnhnqrikb has been deposited to box 8
item tmvyhnfbzopzlbmeebvc has been deposited to box 8
item gvzrwxshreerotwp has been deposited to box 8
item tyjienj has been deposited to box 8
item ggfbiyafqjyxop has been deposited to box 8
item ceyjzysheis has been deposited to box 8
item miznqx has been deposited to box 8
item zunpjyavaewleue has been deposited to box 8
item gfnztvyilyyjo has been deposited to box 8
item mobmmd has been deposited to box 8
item tbxkyuoehfkolyfxthwympsk is already in storage
item djskwudusmh has been deposited to box 8
item gjvhxmklyogidfmassj has been deposited to box 9
item nyuwqnlblbdw is already in storage
item ylrkbytzhslsfjgm has been deposited to box 9
item hljbwwgfcqjdquxaxvvwen has been deposited to box 9
bztxhohqe
item enpyxchyy has been deposited to box 9
item kwppmjmoijj has been deposited to box 9
cannot hold any more items
item pxaexxhh has been deposited to box 9
item cnybcopnaewkp has been deposited to box 9
item vkhizgjgeiplgwzjkymoobc has been deposited to box 9
item axfal has been deposited to box 9
item jmauseehrlgtwsr has been deposited to box 9
item lkxtkaqpcdspxdczzwgdgx has been deposited to box 9
bztxhohqe
item jwmqkxqdjqvbuat has been deposited to box 9
item oyxke has been deposited to box 9
item rgufm has been deposited to box 9
item woyotjgokbqflp has been deposited to box 10
item alsbgw has been deposited to box 10
item bzyhyxv has been deposited to box 10
item hseutwz has been deposited to box 10
item hzfutgapcn has been deposited to box 10
